[0.795s] Invoking command in '/home/kirill/folders/park_robot/build/ydlidar_ros2_driver': CMAKE_PREFIX_PATH=${CMAKE_PREFIX_PATH}:/home/kirill/folders/park_robot/install/robot_bringup:/home/kirill/folders/park_robot/install/robot_control:/home/kirill/folders/park_robot/install/plant_analyzer:/opt/ros/jazzy DEBUGINFOD_URLS=https://debuginfod.ubuntu.com /usr/bin/cmake /home/kirill/folders/park_robot/src/ydlidar_ros2_driver -DCMAKE_INSTALL_PREFIX=/home/kirill/folders/park_robot/install/ydlidar_ros2_driver
[0.833s] -- Found ament_cmake: 2.5.4 (/opt/ros/jazzy/share/ament_cmake/cmake)
[1.471s] -- Override CMake install command with custom implementation using symlinks instead of copying resources
[1.484s] -- Found rclcpp: 28.1.13 (/opt/ros/jazzy/share/rclcpp/cmake)
[1.526s] -- Found rosidl_generator_c: 4.6.6 (/opt/ros/jazzy/share/rosidl_generator_c/cmake)
[1.542s] -- Found rosidl_generator_cpp: 4.6.6 (/opt/ros/jazzy/share/rosidl_generator_cpp/cmake)
[1.574s] -- Using all available rosidl_typesupport_c: rosidl_typesupport_fastrtps_c;rosidl_typesupport_introspection_c
[1.615s] -- Using all available rosidl_typesupport_cpp: rosidl_typesupport_fastrtps_cpp;rosidl_typesupport_introspection_cpp
[1.749s] -- Found rmw_implementation_cmake: 7.3.2 (/opt/ros/jazzy/share/rmw_implementation_cmake/cmake)
[1.752s] -- Found rmw_fastrtps_cpp: 8.4.3 (/opt/ros/jazzy/share/rmw_fastrtps_cpp/cmake)
[1.879s] -- Using RMW implementation 'rmw_fastrtps_cpp' as default
[1.996s] -- Found sensor_msgs: 5.3.6 (/opt/ros/jazzy/share/sensor_msgs/cmake)
[2.119s] -- Found visualization_msgs: 5.3.6 (/opt/ros/jazzy/share/visualization_msgs/cmake)
[2.184s] -- Found std_srvs: 5.3.6 (/opt/ros/jazzy/share/std_srvs/cmake)
[2.242s] -- Found ament_lint_auto: 0.17.3 (/opt/ros/jazzy/share/ament_lint_auto/cmake)
[2.612s] -- Added test 'copyright' to check source files copyright and LICENSE
[2.614s] -- Added test 'cppcheck' to perform static code analysis on C / C++ code
[2.616s] -- Configured cppcheck include dirs: /home/kirill/folders/park_robot/src/ydlidar_ros2_driver/src
[2.616s] -- Configured cppcheck exclude dirs and/or files: 
[2.619s] -- Added test 'cpplint' to check C / C++ code against the Google style
[2.621s] -- Configured cpplint exclude dirs and/or files: 
[2.621s] -- Added test 'flake8' to check Python code syntax and style conventions
[2.621s] -- Configured 'flake8' exclude dirs and/or files: 
[2.622s] -- Added test 'lint_cmake' to check CMake code style
[2.624s] -- Added test 'pep257' to check Python code against some of the docstring style conventions in PEP 257
[2.627s] -- Added test 'uncrustify' to check C / C++ code style
[2.629s] -- Configured uncrustify additional arguments: 
[2.629s] -- Added test 'xmllint' to check XML markup files
[2.632s] -- Configuring done (1.8s)
[2.670s] -- Generating done (0.0s)
[2.683s] -- Build files have been written to: /home/kirill/folders/park_robot/build/ydlidar_ros2_driver
[2.710s] Invoked command in '/home/kirill/folders/park_robot/build/ydlidar_ros2_driver' returned '0': CMAKE_PREFIX_PATH=${CMAKE_PREFIX_PATH}:/home/kirill/folders/park_robot/install/robot_bringup:/home/kirill/folders/park_robot/install/robot_control:/home/kirill/folders/park_robot/install/plant_analyzer:/opt/ros/jazzy DEBUGINFOD_URLS=https://debuginfod.ubuntu.com /usr/bin/cmake /home/kirill/folders/park_robot/src/ydlidar_ros2_driver -DCMAKE_INSTALL_PREFIX=/home/kirill/folders/park_robot/install/ydlidar_ros2_driver
[2.711s] Invoking command in '/home/kirill/folders/park_robot/build/ydlidar_ros2_driver': CMAKE_PREFIX_PATH=${CMAKE_PREFIX_PATH}:/home/kirill/folders/park_robot/install/robot_bringup:/home/kirill/folders/park_robot/install/robot_control:/home/kirill/folders/park_robot/install/plant_analyzer:/opt/ros/jazzy DEBUGINFOD_URLS=https://debuginfod.ubuntu.com /usr/bin/cmake --build /home/kirill/folders/park_robot/build/ydlidar_ros2_driver -- -j4 -l4
[2.888s] [ 50%] Built target ydlidar_ros2_driver_client
[2.891s] [100%] Built target ydlidar_ros2_driver_node
[2.920s] Invoked command in '/home/kirill/folders/park_robot/build/ydlidar_ros2_driver' returned '0': CMAKE_PREFIX_PATH=${CMAKE_PREFIX_PATH}:/home/kirill/folders/park_robot/install/robot_bringup:/home/kirill/folders/park_robot/install/robot_control:/home/kirill/folders/park_robot/install/plant_analyzer:/opt/ros/jazzy DEBUGINFOD_URLS=https://debuginfod.ubuntu.com /usr/bin/cmake --build /home/kirill/folders/park_robot/build/ydlidar_ros2_driver -- -j4 -l4
[2.921s] Invoking command in '/home/kirill/folders/park_robot/build/ydlidar_ros2_driver': CMAKE_PREFIX_PATH=${CMAKE_PREFIX_PATH}:/home/kirill/folders/park_robot/install/robot_bringup:/home/kirill/folders/park_robot/install/robot_control:/home/kirill/folders/park_robot/install/plant_analyzer:/opt/ros/jazzy DEBUGINFOD_URLS=https://debuginfod.ubuntu.com /usr/bin/cmake --install /home/kirill/folders/park_robot/build/ydlidar_ros2_driver
[2.939s] -- Install configuration: ""
[2.942s] -- Execute custom install script
[2.943s] -- Up-to-date symlink: /home/kirill/folders/park_robot/install/ydlidar_ros2_driver/lib/ydlidar_ros2_driver/ydlidar_ros2_driver_node
[2.943s] -- Up-to-date symlink: /home/kirill/folders/park_robot/install/ydlidar_ros2_driver/lib/ydlidar_ros2_driver/ydlidar_ros2_driver_client
[2.945s] -- Up-to-date symlink: /home/kirill/folders/park_robot/install/ydlidar_ros2_driver/share/ydlidar_ros2_driver/launch/ydlidar.py
[2.945s] -- Up-to-date symlink: /home/kirill/folders/park_robot/install/ydlidar_ros2_driver/share/ydlidar_ros2_driver/launch/ydlidar_launch.py
[2.946s] -- Up-to-date symlink: /home/kirill/folders/park_robot/install/ydlidar_ros2_driver/share/ydlidar_ros2_driver/launch/ydlidar_launch_view.py
[2.948s] -- Up-to-date symlink: /home/kirill/folders/park_robot/install/ydlidar_ros2_driver/share/ydlidar_ros2_driver/params/G1.yaml
[2.949s] -- Up-to-date symlink: /home/kirill/folders/park_robot/install/ydlidar_ros2_driver/share/ydlidar_ros2_driver/params/G2.yaml
[2.949s] -- Up-to-date symlink: /home/kirill/folders/park_robot/install/ydlidar_ros2_driver/share/ydlidar_ros2_driver/params/G4.yaml
[2.951s] -- Up-to-date symlink: /home/kirill/folders/park_robot/install/ydlidar_ros2_driver/share/ydlidar_ros2_driver/params/G6.yaml
[2.951s] -- Up-to-date symlink: /home/kirill/folders/park_robot/install/ydlidar_ros2_driver/share/ydlidar_ros2_driver/params/GS2.yaml
[2.952s] -- Up-to-date symlink: /home/kirill/folders/park_robot/install/ydlidar_ros2_driver/share/ydlidar_ros2_driver/params/GS5.yaml
[2.953s] -- Up-to-date symlink: /home/kirill/folders/park_robot/install/ydlidar_ros2_driver/share/ydlidar_ros2_driver/params/TEA.yaml
[2.954s] -- Up-to-date symlink: /home/kirill/folders/park_robot/install/ydlidar_ros2_driver/share/ydlidar_ros2_driver/params/TG.yaml
[2.955s] -- Up-to-date symlink: /home/kirill/folders/park_robot/install/ydlidar_ros2_driver/share/ydlidar_ros2_driver/params/Tmini-Plus-SH.yaml
[2.956s] -- Up-to-date symlink: /home/kirill/folders/park_robot/install/ydlidar_ros2_driver/share/ydlidar_ros2_driver/params/Tmini.yaml
[2.957s] -- Up-to-date symlink: /home/kirill/folders/park_robot/install/ydlidar_ros2_driver/share/ydlidar_ros2_driver/params/X2.yaml
[2.959s] -- Up-to-date symlink: /home/kirill/folders/park_robot/install/ydlidar_ros2_driver/share/ydlidar_ros2_driver/params/X3.yaml
[2.959s] -- Up-to-date symlink: /home/kirill/folders/park_robot/install/ydlidar_ros2_driver/share/ydlidar_ros2_driver/params/X4-Pro.yaml
[2.959s] -- Up-to-date symlink: /home/kirill/folders/park_robot/install/ydlidar_ros2_driver/share/ydlidar_ros2_driver/params/X4.yaml
[2.961s] -- Up-to-date symlink: /home/kirill/folders/park_robot/install/ydlidar_ros2_driver/share/ydlidar_ros2_driver/params/sdm15.yaml
[2.961s] -- Up-to-date symlink: /home/kirill/folders/park_robot/install/ydlidar_ros2_driver/share/ydlidar_ros2_driver/params/ydlidar.yaml
[2.963s] -- Up-to-date symlink: /home/kirill/folders/park_robot/install/ydlidar_ros2_driver/share/ydlidar_ros2_driver/params/ydlidar_main.yaml
[2.964s] -- Up-to-date symlink: /home/kirill/folders/park_robot/install/ydlidar_ros2_driver/share/ydlidar_ros2_driver/startup/initenv.sh
[2.966s] -- Up-to-date symlink: /home/kirill/folders/park_robot/install/ydlidar_ros2_driver/share/ydlidar_ros2_driver/config/ydlidar.rviz
[2.968s] -- Up-to-date symlink: /home/kirill/folders/park_robot/install/ydlidar_ros2_driver/share/ament_index/resource_index/package_run_dependencies/ydlidar_ros2_driver
[2.968s] -- Up-to-date symlink: /home/kirill/folders/park_robot/install/ydlidar_ros2_driver/share/ament_index/resource_index/parent_prefix_path/ydlidar_ros2_driver
[2.970s] -- Up-to-date symlink: /home/kirill/folders/park_robot/install/ydlidar_ros2_driver/share/ydlidar_ros2_driver/environment/ament_prefix_path.sh
[2.972s] -- Up-to-date symlink: /home/kirill/folders/park_robot/install/ydlidar_ros2_driver/share/ydlidar_ros2_driver/environment/ament_prefix_path.dsv
[2.973s] -- Up-to-date symlink: /home/kirill/folders/park_robot/install/ydlidar_ros2_driver/share/ydlidar_ros2_driver/environment/path.sh
[2.974s] -- Up-to-date symlink: /home/kirill/folders/park_robot/install/ydlidar_ros2_driver/share/ydlidar_ros2_driver/environment/path.dsv
[2.975s] -- Up-to-date symlink: /home/kirill/folders/park_robot/install/ydlidar_ros2_driver/share/ydlidar_ros2_driver/local_setup.bash
[2.977s] -- Up-to-date symlink: /home/kirill/folders/park_robot/install/ydlidar_ros2_driver/share/ydlidar_ros2_driver/local_setup.sh
[2.977s] -- Up-to-date symlink: /home/kirill/folders/park_robot/install/ydlidar_ros2_driver/share/ydlidar_ros2_driver/local_setup.zsh
[2.979s] -- Up-to-date symlink: /home/kirill/folders/park_robot/install/ydlidar_ros2_driver/share/ydlidar_ros2_driver/local_setup.dsv
[2.979s] -- Symlinking: /home/kirill/folders/park_robot/install/ydlidar_ros2_driver/share/ydlidar_ros2_driver/package.dsv
[3.009s] -- Up-to-date symlink: /home/kirill/folders/park_robot/install/ydlidar_ros2_driver/share/ament_index/resource_index/packages/ydlidar_ros2_driver
[3.009s] -- Up-to-date symlink: /home/kirill/folders/park_robot/install/ydlidar_ros2_driver/share/ydlidar_ros2_driver/cmake/ydlidar_ros2_driverConfig.cmake
[3.010s] -- Up-to-date symlink: /home/kirill/folders/park_robot/install/ydlidar_ros2_driver/share/ydlidar_ros2_driver/cmake/ydlidar_ros2_driverConfig-version.cmake
[3.010s] -- Up-to-date symlink: /home/kirill/folders/park_robot/install/ydlidar_ros2_driver/share/ydlidar_ros2_driver/package.xml
[3.017s] Invoked command in '/home/kirill/folders/park_robot/build/ydlidar_ros2_driver' returned '0': CMAKE_PREFIX_PATH=${CMAKE_PREFIX_PATH}:/home/kirill/folders/park_robot/install/robot_bringup:/home/kirill/folders/park_robot/install/robot_control:/home/kirill/folders/park_robot/install/plant_analyzer:/opt/ros/jazzy DEBUGINFOD_URLS=https://debuginfod.ubuntu.com /usr/bin/cmake --install /home/kirill/folders/park_robot/build/ydlidar_ros2_driver
