[1.168s] Invoking command in '/home/kirill/folders/park_robot/src/robot_control': DEBUGINFOD_URLS=https://debuginfod.ubuntu.com PYTHONPATH=/home/kirill/folders/park_robot/build/robot_control/prefix_override:/usr/lib/python3/dist-packages/colcon_core/task/python/colcon_distutils_commands:/home/kirill/folders/park_robot/install/robot_control/lib/python3.12/site-packages:${PYTHONPATH} /usr/bin/python3 -W ignore:setup.py install is deprecated -W ignore:easy_install command is deprecated setup.py egg_info --egg-base ../../build/robot_control build --build-base /home/kirill/folders/park_robot/build/robot_control/build install --record /home/kirill/folders/park_robot/build/robot_control/install.log --single-version-externally-managed install_data
[1.520s] running egg_info
[1.544s] writing ../../build/robot_control/robot_control.egg-info/PKG-INFO
[1.544s] writing dependency_links to ../../build/robot_control/robot_control.egg-info/dependency_links.txt
[1.546s] writing entry points to ../../build/robot_control/robot_control.egg-info/entry_points.txt
[1.547s] writing requirements to ../../build/robot_control/robot_control.egg-info/requires.txt
[1.547s] writing top-level names to ../../build/robot_control/robot_control.egg-info/top_level.txt
[1.598s] reading manifest file '../../build/robot_control/robot_control.egg-info/SOURCES.txt'
[1.599s] writing manifest file '../../build/robot_control/robot_control.egg-info/SOURCES.txt'
[1.600s] running build
[1.600s] running build_py
[1.600s] running install
[1.610s] running install_lib
[1.635s] running install_data
[1.635s] running install_egg_info
[1.662s] removing '/home/kirill/folders/park_robot/install/robot_control/lib/python3.12/site-packages/robot_control-0.0.0-py3.12.egg-info' (and everything under it)
[1.663s] Copying ../../build/robot_control/robot_control.egg-info to /home/kirill/folders/park_robot/install/robot_control/lib/python3.12/site-packages/robot_control-0.0.0-py3.12.egg-info
[1.664s] running install_scripts
[1.838s] Installing arduino_bridge script to /home/kirill/folders/park_robot/install/robot_control/lib/robot_control
[1.838s] writing list of installed files to '/home/kirill/folders/park_robot/build/robot_control/install.log'
[1.933s] Invoked command in '/home/kirill/folders/park_robot/src/robot_control' returned '0': DEBUGINFOD_URLS=https://debuginfod.ubuntu.com PYTHONPATH=/home/kirill/folders/park_robot/build/robot_control/prefix_override:/usr/lib/python3/dist-packages/colcon_core/task/python/colcon_distutils_commands:/home/kirill/folders/park_robot/install/robot_control/lib/python3.12/site-packages:${PYTHONPATH} /usr/bin/python3 -W ignore:setup.py install is deprecated -W ignore:easy_install command is deprecated setup.py egg_info --egg-base ../../build/robot_control build --build-base /home/kirill/folders/park_robot/build/robot_control/build install --record /home/kirill/folders/park_robot/build/robot_control/install.log --single-version-externally-managed install_data
