-- Found ament_cmake: 2.5.4 (/opt/ros/jazzy/share/ament_cmake/cmake)
-- Override CMake install command with custom implementation using symlinks instead of copying resources
-- Found ament_lint_auto: 0.17.3 (/opt/ros/jazzy/share/ament_lint_auto/cmake)
-- Added test 'lint_cmake' to check CMake code style
-- Added test 'xmllint' to check XML markup files
-- Configuring done (0.6s)
-- Generating done (0.0s)
-- Build files have been written to: /home/kirill/folders/park_robot/build/robot_description
-- Install configuration: ""
-- Execute custom install script
-- Up-to-date symlink: /home/kirill/folders/park_robot/install/robot_description/share/ament_index/resource_index/package_run_dependencies/robot_description
-- Up-to-date symlink: /home/kirill/folders/park_robot/install/robot_description/share/ament_index/resource_index/parent_prefix_path/robot_description
-- Up-to-date symlink: /home/kirill/folders/park_robot/install/robot_description/share/robot_description/environment/ament_prefix_path.sh
-- Up-to-date symlink: /home/kirill/folders/park_robot/install/robot_description/share/robot_description/environment/ament_prefix_path.dsv
-- Up-to-date symlink: /home/kirill/folders/park_robot/install/robot_description/share/robot_description/environment/path.sh
-- Up-to-date symlink: /home/kirill/folders/park_robot/install/robot_description/share/robot_description/environment/path.dsv
-- Up-to-date symlink: /home/kirill/folders/park_robot/install/robot_description/share/robot_description/local_setup.bash
-- Up-to-date symlink: /home/kirill/folders/park_robot/install/robot_description/share/robot_description/local_setup.sh
-- Up-to-date symlink: /home/kirill/folders/park_robot/install/robot_description/share/robot_description/local_setup.zsh
-- Up-to-date symlink: /home/kirill/folders/park_robot/install/robot_description/share/robot_description/local_setup.dsv
-- Symlinking: /home/kirill/folders/park_robot/install/robot_description/share/robot_description/package.dsv
-- Up-to-date symlink: /home/kirill/folders/park_robot/install/robot_description/share/ament_index/resource_index/packages/robot_description
-- Up-to-date symlink: /home/kirill/folders/park_robot/install/robot_description/share/robot_description/cmake/robot_descriptionConfig.cmake
-- Up-to-date symlink: /home/kirill/folders/park_robot/install/robot_description/share/robot_description/cmake/robot_descriptionConfig-version.cmake
-- Up-to-date symlink: /home/kirill/folders/park_robot/install/robot_description/share/robot_description/package.xml
-- Up-to-date symlink: /home/kirill/folders/park_robot/install/robot_description/share/robot_description//urdf/park_robot.urdf
