[0.034s] Invoking command in '/home/kirill/folders/park_robot/build/robot_description': CMAKE_PREFIX_PATH=${CMAKE_PREFIX_PATH}:/home/kirill/folders/park_robot/install/robot_bringup:/home/kirill/folders/park_robot/install/robot_control:/home/kirill/folders/park_robot/install/plant_analyzer:/opt/ros/jazzy DEBUGINFOD_URLS=https://debuginfod.ubuntu.com /usr/bin/cmake /home/kirill/folders/park_robot/src/robot_description -DCMAKE_INSTALL_PREFIX=/home/kirill/folders/park_robot/install/robot_description
[0.810s] -- Found ament_cmake: 2.5.4 (/opt/ros/jazzy/share/ament_cmake/cmake)
[0.810s] -- Override CMake install command with custom implementation using symlinks instead of copying resources
[0.810s] -- Found ament_lint_auto: 0.17.3 (/opt/ros/jazzy/share/ament_lint_auto/cmake)
[0.811s] -- Added test 'lint_cmake' to check CMake code style
[0.811s] -- Added test 'xmllint' to check XML markup files
[0.811s] -- Configuring done (0.6s)
[0.811s] -- Generating done (0.0s)
[0.811s] -- Build files have been written to: /home/kirill/folders/park_robot/build/robot_description
[0.812s] Invoked command in '/home/kirill/folders/park_robot/build/robot_description' returned '0': CMAKE_PREFIX_PATH=${CMAKE_PREFIX_PATH}:/home/kirill/folders/park_robot/install/robot_bringup:/home/kirill/folders/park_robot/install/robot_control:/home/kirill/folders/park_robot/install/plant_analyzer:/opt/ros/jazzy DEBUGINFOD_URLS=https://debuginfod.ubuntu.com /usr/bin/cmake /home/kirill/folders/park_robot/src/robot_description -DCMAKE_INSTALL_PREFIX=/home/kirill/folders/park_robot/install/robot_description
[0.814s] Invoking command in '/home/kirill/folders/park_robot/build/robot_description': CMAKE_PREFIX_PATH=${CMAKE_PREFIX_PATH}:/home/kirill/folders/park_robot/install/robot_bringup:/home/kirill/folders/park_robot/install/robot_control:/home/kirill/folders/park_robot/install/plant_analyzer:/opt/ros/jazzy DEBUGINFOD_URLS=https://debuginfod.ubuntu.com /usr/bin/cmake --build /home/kirill/folders/park_robot/build/robot_description -- -j4 -l4
[0.939s] Invoked command in '/home/kirill/folders/park_robot/build/robot_description' returned '0': CMAKE_PREFIX_PATH=${CMAKE_PREFIX_PATH}:/home/kirill/folders/park_robot/install/robot_bringup:/home/kirill/folders/park_robot/install/robot_control:/home/kirill/folders/park_robot/install/plant_analyzer:/opt/ros/jazzy DEBUGINFOD_URLS=https://debuginfod.ubuntu.com /usr/bin/cmake --build /home/kirill/folders/park_robot/build/robot_description -- -j4 -l4
[0.974s] Invoking command in '/home/kirill/folders/park_robot/build/robot_description': CMAKE_PREFIX_PATH=${CMAKE_PREFIX_PATH}:/home/kirill/folders/park_robot/install/robot_bringup:/home/kirill/folders/park_robot/install/robot_control:/home/kirill/folders/park_robot/install/plant_analyzer:/opt/ros/jazzy DEBUGINFOD_URLS=https://debuginfod.ubuntu.com /usr/bin/cmake --install /home/kirill/folders/park_robot/build/robot_description
[1.004s] -- Install configuration: ""
[1.005s] -- Execute custom install script
[1.007s] -- Up-to-date symlink: /home/kirill/folders/park_robot/install/robot_description/share/ament_index/resource_index/package_run_dependencies/robot_description
[1.009s] -- Up-to-date symlink: /home/kirill/folders/park_robot/install/robot_description/share/ament_index/resource_index/parent_prefix_path/robot_description
[1.009s] -- Up-to-date symlink: /home/kirill/folders/park_robot/install/robot_description/share/robot_description/environment/ament_prefix_path.sh
[1.010s] -- Up-to-date symlink: /home/kirill/folders/park_robot/install/robot_description/share/robot_description/environment/ament_prefix_path.dsv
[1.012s] -- Up-to-date symlink: /home/kirill/folders/park_robot/install/robot_description/share/robot_description/environment/path.sh
[1.012s] -- Up-to-date symlink: /home/kirill/folders/park_robot/install/robot_description/share/robot_description/environment/path.dsv
[1.013s] -- Up-to-date symlink: /home/kirill/folders/park_robot/install/robot_description/share/robot_description/local_setup.bash
[1.014s] -- Up-to-date symlink: /home/kirill/folders/park_robot/install/robot_description/share/robot_description/local_setup.sh
[1.015s] -- Up-to-date symlink: /home/kirill/folders/park_robot/install/robot_description/share/robot_description/local_setup.zsh
[1.016s] -- Up-to-date symlink: /home/kirill/folders/park_robot/install/robot_description/share/robot_description/local_setup.dsv
[1.017s] -- Symlinking: /home/kirill/folders/park_robot/install/robot_description/share/robot_description/package.dsv
[1.047s] -- Up-to-date symlink: /home/kirill/folders/park_robot/install/robot_description/share/ament_index/resource_index/packages/robot_description
[1.048s] -- Up-to-date symlink: /home/kirill/folders/park_robot/install/robot_description/share/robot_description/cmake/robot_descriptionConfig.cmake
[1.049s] -- Up-to-date symlink: /home/kirill/folders/park_robot/install/robot_description/share/robot_description/cmake/robot_descriptionConfig-version.cmake
[1.052s] -- Up-to-date symlink: /home/kirill/folders/park_robot/install/robot_description/share/robot_description/package.xml
[1.052s] -- Up-to-date symlink: /home/kirill/folders/park_robot/install/robot_description/share/robot_description//urdf/park_robot.urdf
[1.061s] Invoked command in '/home/kirill/folders/park_robot/build/robot_description' returned '0': CMAKE_PREFIX_PATH=${CMAKE_PREFIX_PATH}:/home/kirill/folders/park_robot/install/robot_bringup:/home/kirill/folders/park_robot/install/robot_control:/home/kirill/folders/park_robot/install/plant_analyzer:/opt/ros/jazzy DEBUGINFOD_URLS=https://debuginfod.ubuntu.com /usr/bin/cmake --install /home/kirill/folders/park_robot/build/robot_description
