[0.029s] Invoking command in '/home/kirill/folders/park_robot/build/robot_description': CMAKE_PREFIX_PATH=${CMAKE_PREFIX_PATH}:/opt/ros/jazzy DEBUGINFOD_URLS=https://debuginfod.ubuntu.com /usr/bin/cmake /home/kirill/folders/park_robot/src/robot_description -DCMAKE_INSTALL_PREFIX=/home/kirill/folders/park_robot/install/robot_description
[0.792s] -- Found ament_cmake: 2.5.4 (/opt/ros/jazzy/share/ament_cmake/cmake)
[0.792s] -- Found Python3: /usr/bin/python3 (found version "3.12.3") found components: Interpreter 
[0.792s] -- Found ament_lint_auto: 0.17.3 (/opt/ros/jazzy/share/ament_lint_auto/cmake)
[0.792s] -- Added test 'lint_cmake' to check CMake code style
[0.792s] -- Added test 'xmllint' to check XML markup files
[0.792s] -- Configuring done (0.7s)
[0.792s] -- Generating done (0.0s)
[0.792s] -- Build files have been written to: /home/kirill/folders/park_robot/build/robot_description
[0.793s] Invoked command in '/home/kirill/folders/park_robot/build/robot_description' returned '0': CMAKE_PREFIX_PATH=${CMAKE_PREFIX_PATH}:/opt/ros/jazzy DEBUGINFOD_URLS=https://debuginfod.ubuntu.com /usr/bin/cmake /home/kirill/folders/park_robot/src/robot_description -DCMAKE_INSTALL_PREFIX=/home/kirill/folders/park_robot/install/robot_description
[0.796s] Invoking command in '/home/kirill/folders/park_robot/build/robot_description': CMAKE_PREFIX_PATH=${CMAKE_PREFIX_PATH}:/opt/ros/jazzy DEBUGINFOD_URLS=https://debuginfod.ubuntu.com /usr/bin/cmake --build /home/kirill/folders/park_robot/build/robot_description -- -j4 -l4
[0.912s] Invoked command in '/home/kirill/folders/park_robot/build/robot_description' returned '0': CMAKE_PREFIX_PATH=${CMAKE_PREFIX_PATH}:/opt/ros/jazzy DEBUGINFOD_URLS=https://debuginfod.ubuntu.com /usr/bin/cmake --build /home/kirill/folders/park_robot/build/robot_description -- -j4 -l4
[0.950s] Invoking command in '/home/kirill/folders/park_robot/build/robot_description': CMAKE_PREFIX_PATH=${CMAKE_PREFIX_PATH}:/opt/ros/jazzy DEBUGINFOD_URLS=https://debuginfod.ubuntu.com /usr/bin/cmake --install /home/kirill/folders/park_robot/build/robot_description
[0.980s] -- Install configuration: ""
[0.980s] -- Installing: /home/kirill/folders/park_robot/install/robot_description/share/ament_index/resource_index/package_run_dependencies/robot_description
[0.981s] -- Installing: /home/kirill/folders/park_robot/install/robot_description/share/ament_index/resource_index/parent_prefix_path/robot_description
[0.981s] -- Installing: /home/kirill/folders/park_robot/install/robot_description/share/robot_description/environment/ament_prefix_path.sh
[0.981s] -- Installing: /home/kirill/folders/park_robot/install/robot_description/share/robot_description/environment/ament_prefix_path.dsv
[0.982s] -- Installing: /home/kirill/folders/park_robot/install/robot_description/share/robot_description/environment/path.sh
[0.985s] -- Installing: /home/kirill/folders/park_robot/install/robot_description/share/robot_description/environment/path.dsv
[0.985s] -- Installing: /home/kirill/folders/park_robot/install/robot_description/share/robot_description/local_setup.bash
[0.985s] -- Installing: /home/kirill/folders/park_robot/install/robot_description/share/robot_description/local_setup.sh
[0.989s] -- Installing: /home/kirill/folders/park_robot/install/robot_description/share/robot_description/local_setup.zsh
[0.990s] -- Installing: /home/kirill/folders/park_robot/install/robot_description/share/robot_description/local_setup.dsv
[0.990s] -- Installing: /home/kirill/folders/park_robot/install/robot_description/share/robot_description/package.dsv
[0.990s] -- Installing: /home/kirill/folders/park_robot/install/robot_description/share/ament_index/resource_index/packages/robot_description
[0.990s] -- Installing: /home/kirill/folders/park_robot/install/robot_description/share/robot_description/cmake/robot_descriptionConfig.cmake
[0.990s] -- Installing: /home/kirill/folders/park_robot/install/robot_description/share/robot_description/cmake/robot_descriptionConfig-version.cmake
[0.991s] -- Installing: /home/kirill/folders/park_robot/install/robot_description/share/robot_description/package.xml
[0.992s] -- Installing: /home/kirill/folders/park_robot/install/robot_description/share/robot_description//urdf
[0.997s] -- Installing: /home/kirill/folders/park_robot/install/robot_description/share/robot_description//urdf/park_robot.urdf
[1.001s] Invoked command in '/home/kirill/folders/park_robot/build/robot_description' returned '0': CMAKE_PREFIX_PATH=${CMAKE_PREFIX_PATH}:/opt/ros/jazzy DEBUGINFOD_URLS=https://debuginfod.ubuntu.com /usr/bin/cmake --install /home/kirill/folders/park_robot/build/robot_description
