[0.781s] Invoking command in '/home/kirill/folders/park_robot/build/ydlidar_ros2_driver': CMAKE_PREFIX_PATH=${CMAKE_PREFIX_PATH}:/opt/ros/jazzy DEBUGINFOD_URLS=https://debuginfod.ubuntu.com /usr/bin/cmake /home/kirill/folders/park_robot/src/ydlidar_ros2_driver -DCMAKE_INSTALL_PREFIX=/home/kirill/folders/park_robot/install/ydlidar_ros2_driver
[0.818s] -- Found ament_cmake: 2.5.4 (/opt/ros/jazzy/share/ament_cmake/cmake)
[1.227s] -- Found Python3: /usr/bin/python3 (found version "3.12.3") found components: Interpreter 
[1.492s] -- Found rclcpp: 28.1.13 (/opt/ros/jazzy/share/rclcpp/cmake)
[1.617s] -- Found rosidl_generator_c: 4.6.6 (/opt/ros/jazzy/share/rosidl_generator_c/cmake)
[1.657s] -- Found rosidl_generator_cpp: 4.6.6 (/opt/ros/jazzy/share/rosidl_generator_cpp/cmake)
[1.697s] -- Using all available rosidl_typesupport_c: rosidl_typesupport_fastrtps_c;rosidl_typesupport_introspection_c
[1.740s] -- Using all available rosidl_typesupport_cpp: rosidl_typesupport_fastrtps_cpp;rosidl_typesupport_introspection_cpp
[1.916s] -- Found rmw_implementation_cmake: 7.3.2 (/opt/ros/jazzy/share/rmw_implementation_cmake/cmake)
[1.936s] -- Found rmw_fastrtps_cpp: 8.4.3 (/opt/ros/jazzy/share/rmw_fastrtps_cpp/cmake)
[2.223s] -- Found OpenSSL: /usr/lib/aarch64-linux-gnu/libcrypto.so (found version "3.0.13")  
[2.277s] -- Found FastRTPS: /opt/ros/jazzy/include (Required is at least version "2.13") 
[2.336s] -- Using RMW implementation 'rmw_fastrtps_cpp' as default
[2.537s] -- Found sensor_msgs: 5.3.6 (/opt/ros/jazzy/share/sensor_msgs/cmake)
[2.653s] -- Found visualization_msgs: 5.3.6 (/opt/ros/jazzy/share/visualization_msgs/cmake)
[2.709s] -- Found std_srvs: 5.3.6 (/opt/ros/jazzy/share/std_srvs/cmake)
[2.755s] -- Found ament_lint_auto: 0.17.3 (/opt/ros/jazzy/share/ament_lint_auto/cmake)
[3.115s] -- Added test 'copyright' to check source files copyright and LICENSE
[3.119s] -- Added test 'cppcheck' to perform static code analysis on C / C++ code
[3.119s] -- Configured cppcheck include dirs: /home/kirill/folders/park_robot/src/ydlidar_ros2_driver/src
[3.120s] -- Configured cppcheck exclude dirs and/or files: 
[3.124s] -- Added test 'cpplint' to check C / C++ code against the Google style
[3.125s] -- Configured cpplint exclude dirs and/or files: 
[3.125s] -- Added test 'flake8' to check Python code syntax and style conventions
[3.125s] -- Configured 'flake8' exclude dirs and/or files: 
[3.128s] -- Added test 'lint_cmake' to check CMake code style
[3.129s] -- Added test 'pep257' to check Python code against some of the docstring style conventions in PEP 257
[3.135s] -- Added test 'uncrustify' to check C / C++ code style
[3.135s] -- Configured uncrustify additional arguments: 
[3.135s] -- Added test 'xmllint' to check XML markup files
[3.138s] -- Configuring done (2.3s)
[3.185s] -- Generating done (0.0s)
[3.198s] -- Build files have been written to: /home/kirill/folders/park_robot/build/ydlidar_ros2_driver
[3.233s] Invoked command in '/home/kirill/folders/park_robot/build/ydlidar_ros2_driver' returned '0': CMAKE_PREFIX_PATH=${CMAKE_PREFIX_PATH}:/opt/ros/jazzy DEBUGINFOD_URLS=https://debuginfod.ubuntu.com /usr/bin/cmake /home/kirill/folders/park_robot/src/ydlidar_ros2_driver -DCMAKE_INSTALL_PREFIX=/home/kirill/folders/park_robot/install/ydlidar_ros2_driver
[3.235s] Invoking command in '/home/kirill/folders/park_robot/build/ydlidar_ros2_driver': CMAKE_PREFIX_PATH=${CMAKE_PREFIX_PATH}:/opt/ros/jazzy DEBUGINFOD_URLS=https://debuginfod.ubuntu.com /usr/bin/cmake --build /home/kirill/folders/park_robot/build/ydlidar_ros2_driver -- -j4 -l4
[3.378s] [ 25%] [32mBuilding CXX object CMakeFiles/ydlidar_ros2_driver_node.dir/src/ydlidar_ros2_driver_node.cpp.o[0m
[3.416s] [ 50%] [32mBuilding CXX object CMakeFiles/ydlidar_ros2_driver_client.dir/src/ydlidar_ros2_driver_client.cpp.o[0m
[7.708s] [01m[K/home/kirill/folders/park_robot/src/ydlidar_ros2_driver/src/ydlidar_ros2_driver_node.cpp:[m[K In lambda function:
[7.708s] [01m[K/home/kirill/folders/park_robot/src/ydlidar_ros2_driver/src/ydlidar_ros2_driver_node.cpp:191:54:[m[K [01;35m[Kwarning: [m[Kunused parameter ‘[01m[Krequest_header[m[K’ [[01;35m[K-Wunused-parameter[m[K]
[7.709s]   191 |     [&laser]([01;35m[Kconst std::shared_ptr<rmw_request_id_t> request_header[m[K,
[7.709s]       |              [01;35m[K~~~~~~~~~~~~~~~~~~~~~~~~~~~~~~~~~~~~~~~~^~~~~~~~~~~~~~[m[K
[7.709s] [01m[K/home/kirill/folders/park_robot/src/ydlidar_ros2_driver/src/ydlidar_ros2_driver_node.cpp:192:56:[m[K [01;35m[Kwarning: [m[Kunused parameter ‘[01m[Kreq[m[K’ [[01;35m[K-Wunused-parameter[m[K]
[7.709s]   192 |   [01;35m[Kconst std::shared_ptr<std_srvs::srv::Empty::Request> req[m[K,
[7.709s]       |   [01;35m[K~~~~~~~~~~~~~~~~~~~~~~~~~~~~~~~~~~~~~~~~~~~~~~~~~~~~~^~~[m[K
[7.709s] [01m[K/home/kirill/folders/park_robot/src/ydlidar_ros2_driver/src/ydlidar_ros2_driver_node.cpp:193:51:[m[K [01;35m[Kwarning: [m[Kunused parameter ‘[01m[Kresponse[m[K’ [[01;35m[K-Wunused-parameter[m[K]
[7.709s]   193 |   [01;35m[Kstd::shared_ptr<std_srvs::srv::Empty::Response> response[m[K) -> bool
[7.709s]       |   [01;35m[K~~~~~~~~~~~~~~~~~~~~~~~~~~~~~~~~~~~~~~~~~~~~~~~~^~~~~~~~[m[K
[7.724s] [01m[K/home/kirill/folders/park_robot/src/ydlidar_ros2_driver/src/ydlidar_ros2_driver_node.cpp:[m[K In lambda function:
[7.724s] [01m[K/home/kirill/folders/park_robot/src/ydlidar_ros2_driver/src/ydlidar_ros2_driver_node.cpp:201:54:[m[K [01;35m[Kwarning: [m[Kunused parameter ‘[01m[Krequest_header[m[K’ [[01;35m[K-Wunused-parameter[m[K]
[7.724s]   201 |     [&laser]([01;35m[Kconst std::shared_ptr<rmw_request_id_t> request_header[m[K,
[7.724s]       |              [01;35m[K~~~~~~~~~~~~~~~~~~~~~~~~~~~~~~~~~~~~~~~~^~~~~~~~~~~~~~[m[K
[7.724s] [01m[K/home/kirill/folders/park_robot/src/ydlidar_ros2_driver/src/ydlidar_ros2_driver_node.cpp:202:56:[m[K [01;35m[Kwarning: [m[Kunused parameter ‘[01m[Kreq[m[K’ [[01;35m[K-Wunused-parameter[m[K]
[7.724s]   202 |   [01;35m[Kconst std::shared_ptr<std_srvs::srv::Empty::Request> req[m[K,
[7.724s]       |   [01;35m[K~~~~~~~~~~~~~~~~~~~~~~~~~~~~~~~~~~~~~~~~~~~~~~~~~~~~~^~~[m[K
[7.724s] [01m[K/home/kirill/folders/park_robot/src/ydlidar_ros2_driver/src/ydlidar_ros2_driver_node.cpp:203:51:[m[K [01;35m[Kwarning: [m[Kunused parameter ‘[01m[Kresponse[m[K’ [[01;35m[K-Wunused-parameter[m[K]
[7.725s]   203 |   [01;35m[Kstd::shared_ptr<std_srvs::srv::Empty::Response> response[m[K) -> bool
[7.725s]       |   [01;35m[K~~~~~~~~~~~~~~~~~~~~~~~~~~~~~~~~~~~~~~~~~~~~~~~~^~~~~~~~[m[K
[14.068s] [ 75%] [32m[1mLinking CXX executable ydlidar_ros2_driver_node[0m
[15.211s] [ 75%] Built target ydlidar_ros2_driver_node
[16.082s] [100%] [32m[1mLinking CXX executable ydlidar_ros2_driver_client[0m
[16.851s] [100%] Built target ydlidar_ros2_driver_client
[16.872s] Invoked command in '/home/kirill/folders/park_robot/build/ydlidar_ros2_driver' returned '0': CMAKE_PREFIX_PATH=${CMAKE_PREFIX_PATH}:/opt/ros/jazzy DEBUGINFOD_URLS=https://debuginfod.ubuntu.com /usr/bin/cmake --build /home/kirill/folders/park_robot/build/ydlidar_ros2_driver -- -j4 -l4
[16.874s] Invoking command in '/home/kirill/folders/park_robot/build/ydlidar_ros2_driver': CMAKE_PREFIX_PATH=${CMAKE_PREFIX_PATH}:/opt/ros/jazzy DEBUGINFOD_URLS=https://debuginfod.ubuntu.com /usr/bin/cmake --install /home/kirill/folders/park_robot/build/ydlidar_ros2_driver
[16.888s] -- Install configuration: ""
[16.888s] -- Installing: /home/kirill/folders/park_robot/install/ydlidar_ros2_driver/lib/ydlidar_ros2_driver/ydlidar_ros2_driver_node
[16.894s] -- Set non-toolchain portion of runtime path of "/home/kirill/folders/park_robot/install/ydlidar_ros2_driver/lib/ydlidar_ros2_driver/ydlidar_ros2_driver_node" to ""
[16.894s] -- Installing: /home/kirill/folders/park_robot/install/ydlidar_ros2_driver/lib/ydlidar_ros2_driver/ydlidar_ros2_driver_client
[16.902s] -- Set non-toolchain portion of runtime path of "/home/kirill/folders/park_robot/install/ydlidar_ros2_driver/lib/ydlidar_ros2_driver/ydlidar_ros2_driver_client" to ""
[16.902s] -- Installing: /home/kirill/folders/park_robot/install/ydlidar_ros2_driver/share/ydlidar_ros2_driver/launch
[16.902s] -- Installing: /home/kirill/folders/park_robot/install/ydlidar_ros2_driver/share/ydlidar_ros2_driver/launch/ydlidar_launch_view.py
[16.903s] -- Installing: /home/kirill/folders/park_robot/install/ydlidar_ros2_driver/share/ydlidar_ros2_driver/launch/ydlidar_launch.py
[16.903s] -- Installing: /home/kirill/folders/park_robot/install/ydlidar_ros2_driver/share/ydlidar_ros2_driver/launch/ydlidar.py
[16.903s] -- Installing: /home/kirill/folders/park_robot/install/ydlidar_ros2_driver/share/ydlidar_ros2_driver/params
[16.903s] -- Installing: /home/kirill/folders/park_robot/install/ydlidar_ros2_driver/share/ydlidar_ros2_driver/params/Tmini.yaml
[16.903s] -- Installing: /home/kirill/folders/park_robot/install/ydlidar_ros2_driver/share/ydlidar_ros2_driver/params/TEA.yaml
[16.903s] -- Installing: /home/kirill/folders/park_robot/install/ydlidar_ros2_driver/share/ydlidar_ros2_driver/params/ydlidar.yaml
[16.903s] -- Installing: /home/kirill/folders/park_robot/install/ydlidar_ros2_driver/share/ydlidar_ros2_driver/params/G6.yaml
[16.904s] -- Installing: /home/kirill/folders/park_robot/install/ydlidar_ros2_driver/share/ydlidar_ros2_driver/params/G2.yaml
[16.904s] -- Installing: /home/kirill/folders/park_robot/install/ydlidar_ros2_driver/share/ydlidar_ros2_driver/params/Tmini-Plus-SH.yaml
[16.904s] -- Installing: /home/kirill/folders/park_robot/install/ydlidar_ros2_driver/share/ydlidar_ros2_driver/params/X4.yaml
[16.904s] -- Installing: /home/kirill/folders/park_robot/install/ydlidar_ros2_driver/share/ydlidar_ros2_driver/params/X4-Pro.yaml
[16.904s] -- Installing: /home/kirill/folders/park_robot/install/ydlidar_ros2_driver/share/ydlidar_ros2_driver/params/G1.yaml
[16.904s] -- Installing: /home/kirill/folders/park_robot/install/ydlidar_ros2_driver/share/ydlidar_ros2_driver/params/sdm15.yaml
[16.904s] -- Installing: /home/kirill/folders/park_robot/install/ydlidar_ros2_driver/share/ydlidar_ros2_driver/params/X3.yaml
[16.904s] -- Installing: /home/kirill/folders/park_robot/install/ydlidar_ros2_driver/share/ydlidar_ros2_driver/params/TG.yaml
[16.904s] -- Installing: /home/kirill/folders/park_robot/install/ydlidar_ros2_driver/share/ydlidar_ros2_driver/params/X2.yaml
[16.905s] -- Installing: /home/kirill/folders/park_robot/install/ydlidar_ros2_driver/share/ydlidar_ros2_driver/params/GS5.yaml
[16.905s] -- Installing: /home/kirill/folders/park_robot/install/ydlidar_ros2_driver/share/ydlidar_ros2_driver/params/GS2.yaml
[16.905s] -- Installing: /home/kirill/folders/park_robot/install/ydlidar_ros2_driver/share/ydlidar_ros2_driver/params/G4.yaml
[16.905s] -- Installing: /home/kirill/folders/park_robot/install/ydlidar_ros2_driver/share/ydlidar_ros2_driver/startup
[16.905s] -- Installing: /home/kirill/folders/park_robot/install/ydlidar_ros2_driver/share/ydlidar_ros2_driver/startup/initenv.sh
[16.905s] -- Installing: /home/kirill/folders/park_robot/install/ydlidar_ros2_driver/share/ydlidar_ros2_driver/config
[16.905s] -- Installing: /home/kirill/folders/park_robot/install/ydlidar_ros2_driver/share/ydlidar_ros2_driver/config/ydlidar.rviz
[16.906s] -- Installing: /home/kirill/folders/park_robot/install/ydlidar_ros2_driver/share/ament_index/resource_index/package_run_dependencies/ydlidar_ros2_driver
[16.906s] -- Installing: /home/kirill/folders/park_robot/install/ydlidar_ros2_driver/share/ament_index/resource_index/parent_prefix_path/ydlidar_ros2_driver
[16.906s] -- Installing: /home/kirill/folders/park_robot/install/ydlidar_ros2_driver/share/ydlidar_ros2_driver/environment/ament_prefix_path.sh
[16.906s] -- Installing: /home/kirill/folders/park_robot/install/ydlidar_ros2_driver/share/ydlidar_ros2_driver/environment/ament_prefix_path.dsv
[16.906s] -- Installing: /home/kirill/folders/park_robot/install/ydlidar_ros2_driver/share/ydlidar_ros2_driver/environment/path.sh
[16.907s] -- Installing: /home/kirill/folders/park_robot/install/ydlidar_ros2_driver/share/ydlidar_ros2_driver/environment/path.dsv
[16.907s] -- Installing: /home/kirill/folders/park_robot/install/ydlidar_ros2_driver/share/ydlidar_ros2_driver/local_setup.bash
[16.907s] -- Installing: /home/kirill/folders/park_robot/install/ydlidar_ros2_driver/share/ydlidar_ros2_driver/local_setup.sh
[16.907s] -- Installing: /home/kirill/folders/park_robot/install/ydlidar_ros2_driver/share/ydlidar_ros2_driver/local_setup.zsh
[16.907s] -- Installing: /home/kirill/folders/park_robot/install/ydlidar_ros2_driver/share/ydlidar_ros2_driver/local_setup.dsv
[16.907s] -- Installing: /home/kirill/folders/park_robot/install/ydlidar_ros2_driver/share/ydlidar_ros2_driver/package.dsv
[16.908s] -- Installing: /home/kirill/folders/park_robot/install/ydlidar_ros2_driver/share/ament_index/resource_index/packages/ydlidar_ros2_driver
[16.908s] -- Installing: /home/kirill/folders/park_robot/install/ydlidar_ros2_driver/share/ydlidar_ros2_driver/cmake/ydlidar_ros2_driverConfig.cmake
[16.908s] -- Installing: /home/kirill/folders/park_robot/install/ydlidar_ros2_driver/share/ydlidar_ros2_driver/cmake/ydlidar_ros2_driverConfig-version.cmake
[16.908s] -- Installing: /home/kirill/folders/park_robot/install/ydlidar_ros2_driver/share/ydlidar_ros2_driver/package.xml
[16.912s] Invoked command in '/home/kirill/folders/park_robot/build/ydlidar_ros2_driver' returned '0': CMAKE_PREFIX_PATH=${CMAKE_PREFIX_PATH}:/opt/ros/jazzy DEBUGINFOD_URLS=https://debuginfod.ubuntu.com /usr/bin/cmake --install /home/kirill/folders/park_robot/build/ydlidar_ros2_driver
