-- Found ament_cmake: 2.5.4 (/opt/ros/jazzy/share/ament_cmake/cmake)
-- Override CMake install command with custom implementation using symlinks instead of copying resources
-- Found rclcpp: 28.1.13 (/opt/ros/jazzy/share/rclcpp/cmake)
-- Found rosidl_generator_c: 4.6.6 (/opt/ros/jazzy/share/rosidl_generator_c/cmake)
-- Found rosidl_generator_cpp: 4.6.6 (/opt/ros/jazzy/share/rosidl_generator_cpp/cmake)
-- Using all available rosidl_typesupport_c: rosidl_typesupport_fastrtps_c;rosidl_typesupport_introspection_c
-- Using all available rosidl_typesupport_cpp: rosidl_typesupport_fastrtps_cpp;rosidl_typesupport_introspection_cpp
-- Found rmw_implementation_cmake: 7.3.2 (/opt/ros/jazzy/share/rmw_implementation_cmake/cmake)
-- Found rmw_fastrtps_cpp: 8.4.3 (/opt/ros/jazzy/share/rmw_fastrtps_cpp/cmake)
-- Using RMW implementation 'rmw_fastrtps_cpp' as default
-- Found sensor_msgs: 5.3.6 (/opt/ros/jazzy/share/sensor_msgs/cmake)
-- Found visualization_msgs: 5.3.6 (/opt/ros/jazzy/share/visualization_msgs/cmake)
-- Found std_srvs: 5.3.6 (/opt/ros/jazzy/share/std_srvs/cmake)
-- Found ament_lint_auto: 0.17.3 (/opt/ros/jazzy/share/ament_lint_auto/cmake)
-- Added test 'copyright' to check source files copyright and LICENSE
-- Added test 'cppcheck' to perform static code analysis on C / C++ code
-- Configured cppcheck include dirs: /home/kirill/folders/park_robot/src/ydlidar_ros2_driver/src
-- Configured cppcheck exclude dirs and/or files: 
-- Added test 'cpplint' to check C / C++ code against the Google style
-- Configured cpplint exclude dirs and/or files: 
-- Added test 'flake8' to check Python code syntax and style conventions
-- Configured 'flake8' exclude dirs and/or files: 
-- Added test 'lint_cmake' to check CMake code style
-- Added test 'pep257' to check Python code against some of the docstring style conventions in PEP 257
-- Added test 'uncrustify' to check C / C++ code style
-- Configured uncrustify additional arguments: 
-- Added test 'xmllint' to check XML markup files
-- Configuring done (2.1s)
-- Generating done (0.0s)
-- Build files have been written to: /home/kirill/folders/park_robot/build/ydlidar_ros2_driver
[ 25%] [32m[1mLinking CXX executable ydlidar_ros2_driver_node[0m
[ 50%] [32m[1mLinking CXX executable ydlidar_ros2_driver_client[0m
[ 75%] Built target ydlidar_ros2_driver_client
[100%] Built target ydlidar_ros2_driver_node
-- Install configuration: ""
-- Execute custom install script
-- Symlinking: /home/kirill/folders/park_robot/install/ydlidar_ros2_driver/lib/ydlidar_ros2_driver/ydlidar_ros2_driver_node
-- Symlinking: /home/kirill/folders/park_robot/install/ydlidar_ros2_driver/lib/ydlidar_ros2_driver/ydlidar_ros2_driver_client
-- Symlinking: /home/kirill/folders/park_robot/install/ydlidar_ros2_driver/share/ydlidar_ros2_driver/launch/ydlidar.py
-- Symlinking: /home/kirill/folders/park_robot/install/ydlidar_ros2_driver/share/ydlidar_ros2_driver/launch/ydlidar_launch.py
-- Symlinking: /home/kirill/folders/park_robot/install/ydlidar_ros2_driver/share/ydlidar_ros2_driver/launch/ydlidar_launch_view.py
-- Symlinking: /home/kirill/folders/park_robot/install/ydlidar_ros2_driver/share/ydlidar_ros2_driver/params/G1.yaml
-- Symlinking: /home/kirill/folders/park_robot/install/ydlidar_ros2_driver/share/ydlidar_ros2_driver/params/G2.yaml
-- Symlinking: /home/kirill/folders/park_robot/install/ydlidar_ros2_driver/share/ydlidar_ros2_driver/params/G4.yaml
-- Symlinking: /home/kirill/folders/park_robot/install/ydlidar_ros2_driver/share/ydlidar_ros2_driver/params/G6.yaml
-- Symlinking: /home/kirill/folders/park_robot/install/ydlidar_ros2_driver/share/ydlidar_ros2_driver/params/GS2.yaml
-- Symlinking: /home/kirill/folders/park_robot/install/ydlidar_ros2_driver/share/ydlidar_ros2_driver/params/GS5.yaml
-- Symlinking: /home/kirill/folders/park_robot/install/ydlidar_ros2_driver/share/ydlidar_ros2_driver/params/TEA.yaml
-- Symlinking: /home/kirill/folders/park_robot/install/ydlidar_ros2_driver/share/ydlidar_ros2_driver/params/TG.yaml
-- Symlinking: /home/kirill/folders/park_robot/install/ydlidar_ros2_driver/share/ydlidar_ros2_driver/params/Tmini-Plus-SH.yaml
-- Symlinking: /home/kirill/folders/park_robot/install/ydlidar_ros2_driver/share/ydlidar_ros2_driver/params/Tmini.yaml
-- Symlinking: /home/kirill/folders/park_robot/install/ydlidar_ros2_driver/share/ydlidar_ros2_driver/params/X2.yaml
-- Symlinking: /home/kirill/folders/park_robot/install/ydlidar_ros2_driver/share/ydlidar_ros2_driver/params/X3.yaml
-- Symlinking: /home/kirill/folders/park_robot/install/ydlidar_ros2_driver/share/ydlidar_ros2_driver/params/X4-Pro.yaml
-- Symlinking: /home/kirill/folders/park_robot/install/ydlidar_ros2_driver/share/ydlidar_ros2_driver/params/X4.yaml
-- Symlinking: /home/kirill/folders/park_robot/install/ydlidar_ros2_driver/share/ydlidar_ros2_driver/params/sdm15.yaml
-- Symlinking: /home/kirill/folders/park_robot/install/ydlidar_ros2_driver/share/ydlidar_ros2_driver/params/ydlidar.yaml
-- Symlinking: /home/kirill/folders/park_robot/install/ydlidar_ros2_driver/share/ydlidar_ros2_driver/params/ydlidar_main.yaml
-- Symlinking: /home/kirill/folders/park_robot/install/ydlidar_ros2_driver/share/ydlidar_ros2_driver/startup/initenv.sh
-- Symlinking: /home/kirill/folders/park_robot/install/ydlidar_ros2_driver/share/ydlidar_ros2_driver/config/ydlidar.rviz
-- Symlinking: /home/kirill/folders/park_robot/install/ydlidar_ros2_driver/share/ament_index/resource_index/package_run_dependencies/ydlidar_ros2_driver
-- Symlinking: /home/kirill/folders/park_robot/install/ydlidar_ros2_driver/share/ament_index/resource_index/parent_prefix_path/ydlidar_ros2_driver
-- Symlinking: /home/kirill/folders/park_robot/install/ydlidar_ros2_driver/share/ydlidar_ros2_driver/environment/ament_prefix_path.sh
-- Symlinking: /home/kirill/folders/park_robot/install/ydlidar_ros2_driver/share/ydlidar_ros2_driver/environment/ament_prefix_path.dsv
-- Symlinking: /home/kirill/folders/park_robot/install/ydlidar_ros2_driver/share/ydlidar_ros2_driver/environment/path.sh
-- Symlinking: /home/kirill/folders/park_robot/install/ydlidar_ros2_driver/share/ydlidar_ros2_driver/environment/path.dsv
-- Symlinking: /home/kirill/folders/park_robot/install/ydlidar_ros2_driver/share/ydlidar_ros2_driver/local_setup.bash
-- Symlinking: /home/kirill/folders/park_robot/install/ydlidar_ros2_driver/share/ydlidar_ros2_driver/local_setup.sh
-- Symlinking: /home/kirill/folders/park_robot/install/ydlidar_ros2_driver/share/ydlidar_ros2_driver/local_setup.zsh
-- Symlinking: /home/kirill/folders/park_robot/install/ydlidar_ros2_driver/share/ydlidar_ros2_driver/local_setup.dsv
-- Symlinking: /home/kirill/folders/park_robot/install/ydlidar_ros2_driver/share/ydlidar_ros2_driver/package.dsv
-- Symlinking: /home/kirill/folders/park_robot/install/ydlidar_ros2_driver/share/ament_index/resource_index/packages/ydlidar_ros2_driver
-- Symlinking: /home/kirill/folders/park_robot/install/ydlidar_ros2_driver/share/ydlidar_ros2_driver/cmake/ydlidar_ros2_driverConfig.cmake
-- Symlinking: /home/kirill/folders/park_robot/install/ydlidar_ros2_driver/share/ydlidar_ros2_driver/cmake/ydlidar_ros2_driverConfig-version.cmake
-- Symlinking: /home/kirill/folders/park_robot/install/ydlidar_ros2_driver/share/ydlidar_ros2_driver/package.xml
