[0.021s] Invoking command in '/home/kirill/folders/park_robot/build/robot_description': DEBUGINFOD_URLS=https://debuginfod.ubuntu.com /usr/bin/cmake /home/kirill/folders/park_robot/src/robot_description -DCMAKE_INSTALL_PREFIX=/home/kirill/folders/park_robot/install/robot_description
[0.726s] -- The C compiler identification is GNU 13.3.0
[0.726s] -- The CXX compiler identification is GNU 13.3.0
[0.726s] -- Detecting C compiler ABI info
[0.726s] -- Detecting C compiler ABI info - done
[0.727s] -- Check for working C compiler: /usr/bin/cc - skipped
[0.727s] -- Detecting C compile features
[0.727s] -- Detecting C compile features - done
[0.727s] -- Detecting CXX compiler ABI info
[0.727s] -- Detecting CXX compiler ABI info - done
[0.727s] -- Check for working CXX compiler: /usr/bin/c++ - skipped
[0.727s] -- Detecting CXX compile features
[0.727s] -- Detecting CXX compile features - done
[0.727s] -- Configuring incomplete, errors occurred!
[0.727s] [31mCMake Error at CMakeLists.txt:9 (find_package):
[0.728s]   By not providing "Findament_cmake.cmake" in CMAKE_MODULE_PATH this project
[0.728s]   has asked CMake to find a package configuration file provided by
[0.728s]   "ament_cmake", but CMake did not find one.
[0.728s] 
[0.728s]   Could not find a package configuration file provided by "ament_cmake" with
[0.728s]   any of the following names:
[0.728s] 
[0.728s]     ament_cmakeConfig.cmake
[0.728s]     ament_cmake-config.cmake
[0.728s] 
[0.728s]   Add the installation prefix of "ament_cmake" to CMAKE_PREFIX_PATH or set
[0.728s]   "ament_cmake_DIR" to a directory containing one of the above files.  If
[0.729s]   "ament_cmake" provides a separate development package or SDK, be sure it
[0.729s]   has been installed.
[0.729s] 
[0.729s] [0m
[0.729s] Invoked command in '/home/kirill/folders/park_robot/build/robot_description' returned '1': DEBUGINFOD_URLS=https://debuginfod.ubuntu.com /usr/bin/cmake /home/kirill/folders/park_robot/src/robot_description -DCMAKE_INSTALL_PREFIX=/home/kirill/folders/park_robot/install/robot_description
