[1.986s] Invoking command in '/home/kirill/folders/park_robot/src/robot_control': DEBUGINFOD_URLS=https://debuginfod.ubuntu.com PYTHONPATH=/home/kirill/folders/park_robot/build/robot_control/prefix_override:/usr/lib/python3/dist-packages/colcon_core/task/python/colcon_distutils_commands:/home/kirill/folders/park_robot/install/robot_control/lib/python3.12/site-packages:${PYTHONPATH} /usr/bin/python3 -W ignore:setup.py install is deprecated -W ignore:easy_install command is deprecated setup.py egg_info --egg-base ../../build/robot_control build --build-base /home/kirill/folders/park_robot/build/robot_control/build install --record /home/kirill/folders/park_robot/build/robot_control/install.log --single-version-externally-managed install_data
[2.468s] running egg_info
[2.503s] writing ../../build/robot_control/robot_control.egg-info/PKG-INFO
[2.523s] writing dependency_links to ../../build/robot_control/robot_control.egg-info/dependency_links.txt
[2.524s] writing entry points to ../../build/robot_control/robot_control.egg-info/entry_points.txt
[2.524s] writing requirements to ../../build/robot_control/robot_control.egg-info/requires.txt
[2.524s] writing top-level names to ../../build/robot_control/robot_control.egg-info/top_level.txt
[2.587s] reading manifest file '../../build/robot_control/robot_control.egg-info/SOURCES.txt'
[2.588s] writing manifest file '../../build/robot_control/robot_control.egg-info/SOURCES.txt'
[2.588s] running build
[2.589s] running build_py
[2.589s] copying robot_control/arduino_bridge.py -> /home/kirill/folders/park_robot/build/robot_control/build/lib/robot_control
[2.590s] running install
[2.601s] running install_lib
[2.632s] copying /home/kirill/folders/park_robot/build/robot_control/build/lib/robot_control/arduino_bridge.py -> /home/kirill/folders/park_robot/install/robot_control/lib/python3.12/site-packages/robot_control
[2.633s] byte-compiling /home/kirill/folders/park_robot/install/robot_control/lib/python3.12/site-packages/robot_control/arduino_bridge.py to arduino_bridge.cpython-312.pyc
[2.634s] Sorry: TabError: inconsistent use of tabs and spaces in indentation (arduino_bridge.py, line 143)
[2.635s] running install_data
[2.635s] running install_egg_info
[2.668s] removing '/home/kirill/folders/park_robot/install/robot_control/lib/python3.12/site-packages/robot_control-0.0.0-py3.12.egg-info' (and everything under it)
[2.668s] Copying ../../build/robot_control/robot_control.egg-info to /home/kirill/folders/park_robot/install/robot_control/lib/python3.12/site-packages/robot_control-0.0.0-py3.12.egg-info
[2.670s] running install_scripts
[2.873s] Installing arduino_bridge script to /home/kirill/folders/park_robot/install/robot_control/lib/robot_control
[2.874s] writing list of installed files to '/home/kirill/folders/park_robot/build/robot_control/install.log'
[3.059s] Invoked command in '/home/kirill/folders/park_robot/src/robot_control' returned '0': DEBUGINFOD_URLS=https://debuginfod.ubuntu.com PYTHONPATH=/home/kirill/folders/park_robot/build/robot_control/prefix_override:/usr/lib/python3/dist-packages/colcon_core/task/python/colcon_distutils_commands:/home/kirill/folders/park_robot/install/robot_control/lib/python3.12/site-packages:${PYTHONPATH} /usr/bin/python3 -W ignore:setup.py install is deprecated -W ignore:easy_install command is deprecated setup.py egg_info --egg-base ../../build/robot_control build --build-base /home/kirill/folders/park_robot/build/robot_control/build install --record /home/kirill/folders/park_robot/build/robot_control/install.log --single-version-externally-managed install_data
