[0.729s] Invoking command in '/home/kirill/folders/park_robot/build/ydlidar_ros2_driver': CMAKE_PREFIX_PATH=${CMAKE_PREFIX_PATH}:/home/kirill/folders/park_robot/install/robot_bringup:/home/kirill/folders/park_robot/install/robot_control:/home/kirill/folders/park_robot/install/plant_analyzer:/opt/ros/jazzy DEBUGINFOD_URLS=https://debuginfod.ubuntu.com /usr/bin/cmake --build /home/kirill/folders/park_robot/build/ydlidar_ros2_driver -- -j4 -l4
[1.055s] [ 50%] Built target ydlidar_ros2_driver_node
[1.058s] [100%] Built target ydlidar_ros2_driver_client
[1.309s] Invoked command in '/home/kirill/folders/park_robot/build/ydlidar_ros2_driver' returned '0': CMAKE_PREFIX_PATH=${CMAKE_PREFIX_PATH}:/home/kirill/folders/park_robot/install/robot_bringup:/home/kirill/folders/park_robot/install/robot_control:/home/kirill/folders/park_robot/install/plant_analyzer:/opt/ros/jazzy DEBUGINFOD_URLS=https://debuginfod.ubuntu.com /usr/bin/cmake --build /home/kirill/folders/park_robot/build/ydlidar_ros2_driver -- -j4 -l4
[1.313s] Invoking command in '/home/kirill/folders/park_robot/build/ydlidar_ros2_driver': CMAKE_PREFIX_PATH=${CMAKE_PREFIX_PATH}:/home/kirill/folders/park_robot/install/robot_bringup:/home/kirill/folders/park_robot/install/robot_control:/home/kirill/folders/park_robot/install/plant_analyzer:/opt/ros/jazzy DEBUGINFOD_URLS=https://debuginfod.ubuntu.com /usr/bin/cmake --install /home/kirill/folders/park_robot/build/ydlidar_ros2_driver
[1.332s] -- Install configuration: ""
[1.333s] -- Up-to-date: /home/kirill/folders/park_robot/install/ydlidar_ros2_driver/lib/ydlidar_ros2_driver/ydlidar_ros2_driver_node
[1.336s] -- Up-to-date: /home/kirill/folders/park_robot/install/ydlidar_ros2_driver/lib/ydlidar_ros2_driver/ydlidar_ros2_driver_client
[1.336s] -- Up-to-date: /home/kirill/folders/park_robot/install/ydlidar_ros2_driver/share/ydlidar_ros2_driver/launch
[1.336s] -- Up-to-date: /home/kirill/folders/park_robot/install/ydlidar_ros2_driver/share/ydlidar_ros2_driver/launch/ydlidar_launch_view.py
[1.337s] -- Up-to-date: /home/kirill/folders/park_robot/install/ydlidar_ros2_driver/share/ydlidar_ros2_driver/launch/ydlidar_launch.py
[1.337s] -- Up-to-date: /home/kirill/folders/park_robot/install/ydlidar_ros2_driver/share/ydlidar_ros2_driver/launch/ydlidar.py
[1.337s] -- Up-to-date: /home/kirill/folders/park_robot/install/ydlidar_ros2_driver/share/ydlidar_ros2_driver/params
[1.337s] -- Up-to-date: /home/kirill/folders/park_robot/install/ydlidar_ros2_driver/share/ydlidar_ros2_driver/params/Tmini.yaml
[1.337s] -- Up-to-date: /home/kirill/folders/park_robot/install/ydlidar_ros2_driver/share/ydlidar_ros2_driver/params/TEA.yaml
[1.337s] -- Installing: /home/kirill/folders/park_robot/install/ydlidar_ros2_driver/share/ydlidar_ros2_driver/params/ydlidar.yaml
[1.338s] -- Up-to-date: /home/kirill/folders/park_robot/install/ydlidar_ros2_driver/share/ydlidar_ros2_driver/params/G6.yaml
[1.338s] -- Up-to-date: /home/kirill/folders/park_robot/install/ydlidar_ros2_driver/share/ydlidar_ros2_driver/params/G2.yaml
[1.338s] -- Up-to-date: /home/kirill/folders/park_robot/install/ydlidar_ros2_driver/share/ydlidar_ros2_driver/params/ydlidar_main.yaml
[1.338s] -- Up-to-date: /home/kirill/folders/park_robot/install/ydlidar_ros2_driver/share/ydlidar_ros2_driver/params/Tmini-Plus-SH.yaml
[1.338s] -- Up-to-date: /home/kirill/folders/park_robot/install/ydlidar_ros2_driver/share/ydlidar_ros2_driver/params/X4.yaml
[1.339s] -- Installing: /home/kirill/folders/park_robot/install/ydlidar_ros2_driver/share/ydlidar_ros2_driver/params/X4-Pro.yaml
[1.339s] -- Up-to-date: /home/kirill/folders/park_robot/install/ydlidar_ros2_driver/share/ydlidar_ros2_driver/params/G1.yaml
[1.339s] -- Up-to-date: /home/kirill/folders/park_robot/install/ydlidar_ros2_driver/share/ydlidar_ros2_driver/params/sdm15.yaml
[1.339s] -- Up-to-date: /home/kirill/folders/park_robot/install/ydlidar_ros2_driver/share/ydlidar_ros2_driver/params/X3.yaml
[1.339s] -- Up-to-date: /home/kirill/folders/park_robot/install/ydlidar_ros2_driver/share/ydlidar_ros2_driver/params/TG.yaml
[1.339s] -- Up-to-date: /home/kirill/folders/park_robot/install/ydlidar_ros2_driver/share/ydlidar_ros2_driver/params/X2.yaml
[1.339s] -- Up-to-date: /home/kirill/folders/park_robot/install/ydlidar_ros2_driver/share/ydlidar_ros2_driver/params/GS5.yaml
[1.339s] -- Up-to-date: /home/kirill/folders/park_robot/install/ydlidar_ros2_driver/share/ydlidar_ros2_driver/params/GS2.yaml
[1.339s] -- Up-to-date: /home/kirill/folders/park_robot/install/ydlidar_ros2_driver/share/ydlidar_ros2_driver/params/G4.yaml
[1.340s] -- Up-to-date: /home/kirill/folders/park_robot/install/ydlidar_ros2_driver/share/ydlidar_ros2_driver/startup
[1.340s] -- Up-to-date: /home/kirill/folders/park_robot/install/ydlidar_ros2_driver/share/ydlidar_ros2_driver/startup/initenv.sh
[1.340s] -- Up-to-date: /home/kirill/folders/park_robot/install/ydlidar_ros2_driver/share/ydlidar_ros2_driver/config
[1.340s] -- Up-to-date: /home/kirill/folders/park_robot/install/ydlidar_ros2_driver/share/ydlidar_ros2_driver/config/ydlidar.rviz
[1.340s] -- Up-to-date: /home/kirill/folders/park_robot/install/ydlidar_ros2_driver/share/ament_index/resource_index/package_run_dependencies/ydlidar_ros2_driver
[1.340s] -- Up-to-date: /home/kirill/folders/park_robot/install/ydlidar_ros2_driver/share/ament_index/resource_index/parent_prefix_path/ydlidar_ros2_driver
[1.340s] -- Up-to-date: /home/kirill/folders/park_robot/install/ydlidar_ros2_driver/share/ydlidar_ros2_driver/environment/ament_prefix_path.sh
[1.340s] -- Up-to-date: /home/kirill/folders/park_robot/install/ydlidar_ros2_driver/share/ydlidar_ros2_driver/environment/ament_prefix_path.dsv
[1.341s] -- Up-to-date: /home/kirill/folders/park_robot/install/ydlidar_ros2_driver/share/ydlidar_ros2_driver/environment/path.sh
[1.341s] -- Up-to-date: /home/kirill/folders/park_robot/install/ydlidar_ros2_driver/share/ydlidar_ros2_driver/environment/path.dsv
[1.341s] -- Up-to-date: /home/kirill/folders/park_robot/install/ydlidar_ros2_driver/share/ydlidar_ros2_driver/local_setup.bash
[1.341s] -- Up-to-date: /home/kirill/folders/park_robot/install/ydlidar_ros2_driver/share/ydlidar_ros2_driver/local_setup.sh
[1.341s] -- Up-to-date: /home/kirill/folders/park_robot/install/ydlidar_ros2_driver/share/ydlidar_ros2_driver/local_setup.zsh
[1.341s] -- Up-to-date: /home/kirill/folders/park_robot/install/ydlidar_ros2_driver/share/ydlidar_ros2_driver/local_setup.dsv
[1.341s] -- Installing: /home/kirill/folders/park_robot/install/ydlidar_ros2_driver/share/ydlidar_ros2_driver/package.dsv
[1.342s] -- Up-to-date: /home/kirill/folders/park_robot/install/ydlidar_ros2_driver/share/ament_index/resource_index/packages/ydlidar_ros2_driver
[1.342s] -- Up-to-date: /home/kirill/folders/park_robot/install/ydlidar_ros2_driver/share/ydlidar_ros2_driver/cmake/ydlidar_ros2_driverConfig.cmake
[1.342s] -- Up-to-date: /home/kirill/folders/park_robot/install/ydlidar_ros2_driver/share/ydlidar_ros2_driver/cmake/ydlidar_ros2_driverConfig-version.cmake
[1.342s] -- Up-to-date: /home/kirill/folders/park_robot/install/ydlidar_ros2_driver/share/ydlidar_ros2_driver/package.xml
[1.346s] Invoked command in '/home/kirill/folders/park_robot/build/ydlidar_ros2_driver' returned '0': CMAKE_PREFIX_PATH=${CMAKE_PREFIX_PATH}:/home/kirill/folders/park_robot/install/robot_bringup:/home/kirill/folders/park_robot/install/robot_control:/home/kirill/folders/park_robot/install/plant_analyzer:/opt/ros/jazzy DEBUGINFOD_URLS=https://debuginfod.ubuntu.com /usr/bin/cmake --install /home/kirill/folders/park_robot/build/ydlidar_ros2_driver
