running develop
Removing /home/kirill/folders/park_robot/install/robot_bringup/lib/python3.12/site-packages/robot-bringup.egg-link (link to .)
running egg_info
writing ../../build/robot_bringup/robot_bringup.egg-info/PKG-INFO
writing dependency_links to ../../build/robot_bringup/robot_bringup.egg-info/dependency_links.txt
writing requirements to ../../build/robot_bringup/robot_bringup.egg-info/requires.txt
writing top-level names to ../../build/robot_bringup/robot_bringup.egg-info/top_level.txt
reading manifest file '../../build/robot_bringup/robot_bringup.egg-info/SOURCES.txt'
writing manifest file '../../build/robot_bringup/robot_bringup.egg-info/SOURCES.txt'
running build
running build_py
running install
running install_lib
creating /home/kirill/folders/park_robot/install/robot_bringup/lib/python3.12/site-packages/robot_bringup
copying /home/kirill/folders/park_robot/build/robot_bringup/build/lib/robot_bringup/__init__.py -> /home/kirill/folders/park_robot/install/robot_bringup/lib/python3.12/site-packages/robot_bringup
byte-compiling /home/kirill/folders/park_robot/install/robot_bringup/lib/python3.12/site-packages/robot_bringup/__init__.py to __init__.cpython-312.pyc
running install_data
copying resource/robot_bringup -> /home/kirill/folders/park_robot/install/robot_bringup/share/ament_index/resource_index/packages
copying package.xml -> /home/kirill/folders/park_robot/install/robot_bringup/share/robot_bringup
copying launch/headless.launch.py -> /home/kirill/folders/park_robot/install/robot_bringup/share/robot_bringup/launch
copying launch/display.launch.py -> /home/kirill/folders/park_robot/install/robot_bringup/share/robot_bringup/launch
copying launch/robot.launch.py -> /home/kirill/folders/park_robot/install/robot_bringup/share/robot_bringup/launch
running install_egg_info
Copying ../../build/robot_bringup/robot_bringup.egg-info to /home/kirill/folders/park_robot/install/robot_bringup/lib/python3.12/site-packages/robot_bringup-0.0.0-py3.12.egg-info
running install_scripts
writing list of installed files to '/home/kirill/folders/park_robot/build/robot_bringup/install.log'
