[0.153s] DEBUG:colcon:Command line arguments: ['/usr/bin/colcon', 'build']
[0.153s] DEBUG:colcon:Parsed command line arguments: Namespace(log_base=None, log_level=None, verb_name='build', build_base='build', install_base='install', merge_install=False, symlink_install=False, test_result_base=None, continue_on_error=False, executor='parallel', parallel_workers=4, event_handlers=None, ignore_user_meta=False, metas=['./colcon.meta'], base_paths=['.'], packages_ignore=None, packages_ignore_regex=None, paths=None, packages_up_to=None, packages_up_to_regex=None, packages_above=None, packages_above_and_dependencies=None, packages_above_depth=None, packages_select_by_dep=None, packages_skip_by_dep=None, packages_skip_up_to=None, packages_select_build_failed=False, packages_skip_build_finished=False, packages_select_test_failures=False, packages_skip_test_passed=False, packages_select=None, packages_skip=None, packages_select_regex=None, packages_skip_regex=None, packages_start=None, packages_end=None, allow_overriding=[], cmake_args=None, cmake_target=None, cmake_target_skip_unavailable=False, cmake_clean_cache=False, cmake_clean_first=False, cmake_force_configure=False, ament_cmake_args=None, catkin_cmake_args=None, catkin_skip_building_tests=False, mixin_files=None, mixin=None, verb_parser=<colcon_mixin.mixin.mixin_argument.MixinArgumentDecorator object at 0xffff800dbcb0>, verb_extension=<colcon_core.verb.build.BuildVerb object at 0xffff802c0590>, main=<bound method BuildVerb.main of <colcon_core.verb.build.BuildVerb object at 0xffff802c0590>>, mixin_verb=('build',))
[0.210s] Level 1:colcon.colcon_core.package_discovery:discover_packages(colcon_meta) check parameters
[0.211s] Level 1:colcon.colcon_core.package_discovery:discover_packages(recursive) check parameters
[0.211s] Level 1:colcon.colcon_core.package_discovery:discover_packages(ignore) check parameters
[0.211s] Level 1:colcon.colcon_core.package_discovery:discover_packages(path) check parameters
[0.211s] Level 1:colcon.colcon_core.package_discovery:discover_packages(colcon_meta) discover
[0.211s] Level 1:colcon.colcon_core.package_discovery:discover_packages(recursive) discover
[0.211s] INFO:colcon.colcon_core.package_discovery:Crawling recursively for packages in '/home/kirill/folders/park_robot'
[0.211s] Level 1:colcon.colcon_core.package_identification:_identify(.) by extensions ['ignore', 'ignore_ament_install']
[0.211s] Level 1:colcon.colcon_core.package_identification:_identify(.) by extension 'ignore'
[0.211s] Level 1:colcon.colcon_core.package_identification:_identify(.) by extension 'ignore_ament_install'
[0.211s] Level 1:colcon.colcon_core.package_identification:_identify(.) by extensions ['colcon_pkg']
[0.211s] Level 1:colcon.colcon_core.package_identification:_identify(.) by extension 'colcon_pkg'
[0.211s] Level 1:colcon.colcon_core.package_identification:_identify(.) by extensions ['colcon_meta']
[0.211s] Level 1:colcon.colcon_core.package_identification:_identify(.) by extension 'colcon_meta'
[0.211s] Level 1:colcon.colcon_core.package_identification:_identify(.) by extensions ['ros']
[0.211s] Level 1:colcon.colcon_core.package_identification:_identify(.) by extension 'ros'
[0.251s] Level 1:colcon.colcon_core.package_identification:_identify(.) by extensions ['cmake', 'python']
[0.251s] Level 1:colcon.colcon_core.package_identification:_identify(.) by extension 'cmake'
[0.251s] Level 1:colcon.colcon_core.package_identification:_identify(.) by extension 'python'
[0.251s] Level 1:colcon.colcon_core.package_identification:_identify(.) by extensions ['python_setup_py']
[0.251s] Level 1:colcon.colcon_core.package_identification:_identify(.) by extension 'python_setup_py'
[0.252s] Level 1:colcon.colcon_core.package_identification:_identify(build) by extensions ['ignore', 'ignore_ament_install']
[0.252s] Level 1:colcon.colcon_core.package_identification:_identify(build) by extension 'ignore'
[0.252s] Level 1:colcon.colcon_core.package_identification:_identify(build) ignored
[0.252s] Level 1:colcon.colcon_core.package_identification:_identify(install) by extensions ['ignore', 'ignore_ament_install']
[0.252s] Level 1:colcon.colcon_core.package_identification:_identify(install) by extension 'ignore'
[0.252s] Level 1:colcon.colcon_core.package_identification:_identify(install) ignored
[0.252s] Level 1:colcon.colcon_core.package_identification:_identify(log) by extensions ['ignore', 'ignore_ament_install']
[0.252s] Level 1:colcon.colcon_core.package_identification:_identify(log) by extension 'ignore'
[0.252s] Level 1:colcon.colcon_core.package_identification:_identify(log) ignored
[0.253s] Level 1:colcon.colcon_core.package_identification:_identify(src) by extensions ['ignore', 'ignore_ament_install']
[0.253s] Level 1:colcon.colcon_core.package_identification:_identify(src) by extension 'ignore'
[0.253s] Level 1:colcon.colcon_core.package_identification:_identify(src) by extension 'ignore_ament_install'
[0.253s] Level 1:colcon.colcon_core.package_identification:_identify(src) by extensions ['colcon_pkg']
[0.253s] Level 1:colcon.colcon_core.package_identification:_identify(src) by extension 'colcon_pkg'
[0.253s] Level 1:colcon.colcon_core.package_identification:_identify(src) by extensions ['colcon_meta']
[0.253s] Level 1:colcon.colcon_core.package_identification:_identify(src) by extension 'colcon_meta'
[0.253s] Level 1:colcon.colcon_core.package_identification:_identify(src) by extensions ['ros']
[0.253s] Level 1:colcon.colcon_core.package_identification:_identify(src) by extension 'ros'
[0.253s] Level 1:colcon.colcon_core.package_identification:_identify(src) by extensions ['cmake', 'python']
[0.253s] Level 1:colcon.colcon_core.package_identification:_identify(src) by extension 'cmake'
[0.253s] Level 1:colcon.colcon_core.package_identification:_identify(src) by extension 'python'
[0.253s] Level 1:colcon.colcon_core.package_identification:_identify(src) by extensions ['python_setup_py']
[0.253s] Level 1:colcon.colcon_core.package_identification:_identify(src) by extension 'python_setup_py'
[0.253s] Level 1:colcon.colcon_core.package_identification:_identify(src/filters) by extensions ['ignore', 'ignore_ament_install']
[0.253s] Level 1:colcon.colcon_core.package_identification:_identify(src/filters) by extension 'ignore'
[0.253s] Level 1:colcon.colcon_core.package_identification:_identify(src/filters) by extension 'ignore_ament_install'
[0.254s] Level 1:colcon.colcon_core.package_identification:_identify(src/filters) by extensions ['colcon_pkg']
[0.254s] Level 1:colcon.colcon_core.package_identification:_identify(src/filters) by extension 'colcon_pkg'
[0.254s] Level 1:colcon.colcon_core.package_identification:_identify(src/filters) by extensions ['colcon_meta']
[0.254s] Level 1:colcon.colcon_core.package_identification:_identify(src/filters) by extension 'colcon_meta'
[0.254s] Level 1:colcon.colcon_core.package_identification:_identify(src/filters) by extensions ['ros']
[0.254s] Level 1:colcon.colcon_core.package_identification:_identify(src/filters) by extension 'ros'
[0.254s] Level 1:colcon.colcon_core.package_identification:_identify(src/filters) by extensions ['cmake', 'python']
[0.254s] Level 1:colcon.colcon_core.package_identification:_identify(src/filters) by extension 'cmake'
[0.254s] Level 1:colcon.colcon_core.package_identification:_identify(src/filters) by extension 'python'
[0.254s] Level 1:colcon.colcon_core.package_identification:_identify(src/filters) by extensions ['python_setup_py']
[0.254s] Level 1:colcon.colcon_core.package_identification:_identify(src/filters) by extension 'python_setup_py'
[0.254s] Level 1:colcon.colcon_core.package_identification:_identify(src/filters/CMakeFiles) by extensions ['ignore', 'ignore_ament_install']
[0.254s] Level 1:colcon.colcon_core.package_identification:_identify(src/filters/CMakeFiles) by extension 'ignore'
[0.254s] Level 1:colcon.colcon_core.package_identification:_identify(src/filters/CMakeFiles) by extension 'ignore_ament_install'
[0.254s] Level 1:colcon.colcon_core.package_identification:_identify(src/filters/CMakeFiles) by extensions ['colcon_pkg']
[0.254s] Level 1:colcon.colcon_core.package_identification:_identify(src/filters/CMakeFiles) by extension 'colcon_pkg'
[0.254s] Level 1:colcon.colcon_core.package_identification:_identify(src/filters/CMakeFiles) by extensions ['colcon_meta']
[0.254s] Level 1:colcon.colcon_core.package_identification:_identify(src/filters/CMakeFiles) by extension 'colcon_meta'
[0.254s] Level 1:colcon.colcon_core.package_identification:_identify(src/filters/CMakeFiles) by extensions ['ros']
[0.254s] Level 1:colcon.colcon_core.package_identification:_identify(src/filters/CMakeFiles) by extension 'ros'
[0.254s] Level 1:colcon.colcon_core.package_identification:_identify(src/filters/CMakeFiles) by extensions ['cmake', 'python']
[0.254s] Level 1:colcon.colcon_core.package_identification:_identify(src/filters/CMakeFiles) by extension 'cmake'
[0.255s] Level 1:colcon.colcon_core.package_identification:_identify(src/filters/CMakeFiles) by extension 'python'
[0.255s] Level 1:colcon.colcon_core.package_identification:_identify(src/filters/CMakeFiles) by extensions ['python_setup_py']
[0.255s] Level 1:colcon.colcon_core.package_identification:_identify(src/filters/CMakeFiles) by extension 'python_setup_py'
[0.255s] Level 1:colcon.colcon_core.package_identification:_identify(src/plant_analyzer) by extensions ['ignore', 'ignore_ament_install']
[0.255s] Level 1:colcon.colcon_core.package_identification:_identify(src/plant_analyzer) by extension 'ignore'
[0.255s] Level 1:colcon.colcon_core.package_identification:_identify(src/plant_analyzer) by extension 'ignore_ament_install'
[0.255s] Level 1:colcon.colcon_core.package_identification:_identify(src/plant_analyzer) by extensions ['colcon_pkg']
[0.255s] Level 1:colcon.colcon_core.package_identification:_identify(src/plant_analyzer) by extension 'colcon_pkg'
[0.255s] Level 1:colcon.colcon_core.package_identification:_identify(src/plant_analyzer) by extensions ['colcon_meta']
[0.255s] Level 1:colcon.colcon_core.package_identification:_identify(src/plant_analyzer) by extension 'colcon_meta'
[0.255s] Level 1:colcon.colcon_core.package_identification:_identify(src/plant_analyzer) by extensions ['ros']
[0.255s] Level 1:colcon.colcon_core.package_identification:_identify(src/plant_analyzer) by extension 'ros'
[0.258s] DEBUG:colcon.colcon_core.package_identification:Package 'src/plant_analyzer' with type 'ros.ament_python' and name 'plant_analyzer'
[0.258s] Level 1:colcon.colcon_core.package_identification:_identify(src/robot_bringup) by extensions ['ignore', 'ignore_ament_install']
[0.259s] Level 1:colcon.colcon_core.package_identification:_identify(src/robot_bringup) by extension 'ignore'
[0.259s] Level 1:colcon.colcon_core.package_identification:_identify(src/robot_bringup) by extension 'ignore_ament_install'
[0.259s] Level 1:colcon.colcon_core.package_identification:_identify(src/robot_bringup) by extensions ['colcon_pkg']
[0.259s] Level 1:colcon.colcon_core.package_identification:_identify(src/robot_bringup) by extension 'colcon_pkg'
[0.259s] Level 1:colcon.colcon_core.package_identification:_identify(src/robot_bringup) by extensions ['colcon_meta']
[0.259s] Level 1:colcon.colcon_core.package_identification:_identify(src/robot_bringup) by extension 'colcon_meta'
[0.259s] Level 1:colcon.colcon_core.package_identification:_identify(src/robot_bringup) by extensions ['ros']
[0.259s] Level 1:colcon.colcon_core.package_identification:_identify(src/robot_bringup) by extension 'ros'
[0.259s] DEBUG:colcon.colcon_core.package_identification:Package 'src/robot_bringup' with type 'ros.ament_python' and name 'robot_bringup'
[0.260s] Level 1:colcon.colcon_core.package_identification:_identify(src/robot_control) by extensions ['ignore', 'ignore_ament_install']
[0.260s] Level 1:colcon.colcon_core.package_identification:_identify(src/robot_control) by extension 'ignore'
[0.260s] Level 1:colcon.colcon_core.package_identification:_identify(src/robot_control) by extension 'ignore_ament_install'
[0.260s] Level 1:colcon.colcon_core.package_identification:_identify(src/robot_control) by extensions ['colcon_pkg']
[0.260s] Level 1:colcon.colcon_core.package_identification:_identify(src/robot_control) by extension 'colcon_pkg'
[0.260s] Level 1:colcon.colcon_core.package_identification:_identify(src/robot_control) by extensions ['colcon_meta']
[0.260s] Level 1:colcon.colcon_core.package_identification:_identify(src/robot_control) by extension 'colcon_meta'
[0.260s] Level 1:colcon.colcon_core.package_identification:_identify(src/robot_control) by extensions ['ros']
[0.260s] Level 1:colcon.colcon_core.package_identification:_identify(src/robot_control) by extension 'ros'
[0.261s] DEBUG:colcon.colcon_core.package_identification:Package 'src/robot_control' with type 'ros.ament_python' and name 'robot_control'
[0.261s] Level 1:colcon.colcon_core.package_identification:_identify(src/robot_description) by extensions ['ignore', 'ignore_ament_install']
[0.261s] Level 1:colcon.colcon_core.package_identification:_identify(src/robot_description) by extension 'ignore'
[0.261s] Level 1:colcon.colcon_core.package_identification:_identify(src/robot_description) by extension 'ignore_ament_install'
[0.261s] Level 1:colcon.colcon_core.package_identification:_identify(src/robot_description) by extensions ['colcon_pkg']
[0.261s] Level 1:colcon.colcon_core.package_identification:_identify(src/robot_description) by extension 'colcon_pkg'
[0.261s] Level 1:colcon.colcon_core.package_identification:_identify(src/robot_description) by extensions ['colcon_meta']
[0.261s] Level 1:colcon.colcon_core.package_identification:_identify(src/robot_description) by extension 'colcon_meta'
[0.261s] Level 1:colcon.colcon_core.package_identification:_identify(src/robot_description) by extensions ['ros']
[0.261s] Level 1:colcon.colcon_core.package_identification:_identify(src/robot_description) by extension 'ros'
[0.262s] DEBUG:colcon.colcon_core.package_identification:Package 'src/robot_description' with type 'ros.ament_cmake' and name 'robot_description'
[0.262s] Level 1:colcon.colcon_core.package_identification:_identify(src/ydlidar_ros2_driver) by extensions ['ignore', 'ignore_ament_install']
[0.262s] Level 1:colcon.colcon_core.package_identification:_identify(src/ydlidar_ros2_driver) by extension 'ignore'
[0.262s] Level 1:colcon.colcon_core.package_identification:_identify(src/ydlidar_ros2_driver) by extension 'ignore_ament_install'
[0.262s] Level 1:colcon.colcon_core.package_identification:_identify(src/ydlidar_ros2_driver) by extensions ['colcon_pkg']
[0.262s] Level 1:colcon.colcon_core.package_identification:_identify(src/ydlidar_ros2_driver) by extension 'colcon_pkg'
[0.262s] Level 1:colcon.colcon_core.package_identification:_identify(src/ydlidar_ros2_driver) by extensions ['colcon_meta']
[0.262s] Level 1:colcon.colcon_core.package_identification:_identify(src/ydlidar_ros2_driver) by extension 'colcon_meta'
[0.262s] Level 1:colcon.colcon_core.package_identification:_identify(src/ydlidar_ros2_driver) by extensions ['ros']
[0.262s] Level 1:colcon.colcon_core.package_identification:_identify(src/ydlidar_ros2_driver) by extension 'ros'
[0.263s] DEBUG:colcon.colcon_core.package_identification:Package 'src/ydlidar_ros2_driver' with type 'ros.ament_cmake' and name 'ydlidar_ros2_driver'
[0.263s] Level 1:colcon.colcon_core.package_discovery:discover_packages(recursive) using defaults
[0.263s] Level 1:colcon.colcon_core.package_discovery:discover_packages(ignore) discover
[0.263s] Level 1:colcon.colcon_core.package_discovery:discover_packages(ignore) using defaults
[0.263s] Level 1:colcon.colcon_core.package_discovery:discover_packages(path) discover
[0.263s] Level 1:colcon.colcon_core.package_discovery:discover_packages(path) using defaults
[0.288s] Level 1:colcon.colcon_core.package_discovery:discover_packages(prefix_path) check parameters
[0.288s] Level 1:colcon.colcon_core.package_discovery:discover_packages(prefix_path) discover
[0.291s] DEBUG:colcon.colcon_installed_package_information.package_discovery:Found 5 installed packages in /home/kirill/folders/park_robot/install
[0.293s] DEBUG:colcon.colcon_installed_package_information.package_discovery:Found 289 installed packages in /opt/ros/jazzy
[0.295s] Level 1:colcon.colcon_core.package_discovery:discover_packages(prefix_path) using defaults
[0.356s] Level 5:colcon.colcon_core.verb:set package 'plant_analyzer' build argument 'cmake_args' from command line to 'None'
[0.356s] Level 5:colcon.colcon_core.verb:set package 'plant_analyzer' build argument 'cmake_target' from command line to 'None'
[0.356s] Level 5:colcon.colcon_core.verb:set package 'plant_analyzer' build argument 'cmake_target_skip_unavailable' from command line to 'False'
[0.356s] Level 5:colcon.colcon_core.verb:set package 'plant_analyzer' build argument 'cmake_clean_cache' from command line to 'False'
[0.356s] Level 5:colcon.colcon_core.verb:set package 'plant_analyzer' build argument 'cmake_clean_first' from command line to 'False'
[0.356s] Level 5:colcon.colcon_core.verb:set package 'plant_analyzer' build argument 'cmake_force_configure' from command line to 'False'
[0.356s] Level 5:colcon.colcon_core.verb:set package 'plant_analyzer' build argument 'ament_cmake_args' from command line to 'None'
[0.356s] Level 5:colcon.colcon_core.verb:set package 'plant_analyzer' build argument 'catkin_cmake_args' from command line to 'None'
[0.356s] Level 5:colcon.colcon_core.verb:set package 'plant_analyzer' build argument 'catkin_skip_building_tests' from command line to 'False'
[0.356s] DEBUG:colcon.colcon_core.verb:Building package 'plant_analyzer' with the following arguments: {'ament_cmake_args': None, 'build_base': '/home/kirill/folders/park_robot/build/plant_analyzer', 'catkin_cmake_args': None, 'catkin_skip_building_tests': False, 'cmake_args': None, 'cmake_clean_cache': False, 'cmake_clean_first': False, 'cmake_force_configure': False, 'cmake_target': None, 'cmake_target_skip_unavailable': False, 'install_base': '/home/kirill/folders/park_robot/install/plant_analyzer', 'merge_install': False, 'path': '/home/kirill/folders/park_robot/src/plant_analyzer', 'symlink_install': False, 'test_result_base': None}
[0.356s] Level 5:colcon.colcon_core.verb:set package 'robot_control' build argument 'cmake_args' from command line to 'None'
[0.357s] Level 5:colcon.colcon_core.verb:set package 'robot_control' build argument 'cmake_target' from command line to 'None'
[0.357s] Level 5:colcon.colcon_core.verb:set package 'robot_control' build argument 'cmake_target_skip_unavailable' from command line to 'False'
[0.357s] Level 5:colcon.colcon_core.verb:set package 'robot_control' build argument 'cmake_clean_cache' from command line to 'False'
[0.357s] Level 5:colcon.colcon_core.verb:set package 'robot_control' build argument 'cmake_clean_first' from command line to 'False'
[0.357s] Level 5:colcon.colcon_core.verb:set package 'robot_control' build argument 'cmake_force_configure' from command line to 'False'
[0.357s] Level 5:colcon.colcon_core.verb:set package 'robot_control' build argument 'ament_cmake_args' from command line to 'None'
[0.357s] Level 5:colcon.colcon_core.verb:set package 'robot_control' build argument 'catkin_cmake_args' from command line to 'None'
[0.357s] Level 5:colcon.colcon_core.verb:set package 'robot_control' build argument 'catkin_skip_building_tests' from command line to 'False'
[0.357s] DEBUG:colcon.colcon_core.verb:Building package 'robot_control' with the following arguments: {'ament_cmake_args': None, 'build_base': '/home/kirill/folders/park_robot/build/robot_control', 'catkin_cmake_args': None, 'catkin_skip_building_tests': False, 'cmake_args': None, 'cmake_clean_cache': False, 'cmake_clean_first': False, 'cmake_force_configure': False, 'cmake_target': None, 'cmake_target_skip_unavailable': False, 'install_base': '/home/kirill/folders/park_robot/install/robot_control', 'merge_install': False, 'path': '/home/kirill/folders/park_robot/src/robot_control', 'symlink_install': False, 'test_result_base': None}
[0.357s] Level 5:colcon.colcon_core.verb:set package 'robot_description' build argument 'cmake_args' from command line to 'None'
[0.357s] Level 5:colcon.colcon_core.verb:set package 'robot_description' build argument 'cmake_target' from command line to 'None'
[0.357s] Level 5:colcon.colcon_core.verb:set package 'robot_description' build argument 'cmake_target_skip_unavailable' from command line to 'False'
[0.357s] Level 5:colcon.colcon_core.verb:set package 'robot_description' build argument 'cmake_clean_cache' from command line to 'False'
[0.357s] Level 5:colcon.colcon_core.verb:set package 'robot_description' build argument 'cmake_clean_first' from command line to 'False'
[0.357s] Level 5:colcon.colcon_core.verb:set package 'robot_description' build argument 'cmake_force_configure' from command line to 'False'
[0.357s] Level 5:colcon.colcon_core.verb:set package 'robot_description' build argument 'ament_cmake_args' from command line to 'None'
[0.357s] Level 5:colcon.colcon_core.verb:set package 'robot_description' build argument 'catkin_cmake_args' from command line to 'None'
[0.357s] Level 5:colcon.colcon_core.verb:set package 'robot_description' build argument 'catkin_skip_building_tests' from command line to 'False'
[0.357s] DEBUG:colcon.colcon_core.verb:Building package 'robot_description' with the following arguments: {'ament_cmake_args': None, 'build_base': '/home/kirill/folders/park_robot/build/robot_description', 'catkin_cmake_args': None, 'catkin_skip_building_tests': False, 'cmake_args': None, 'cmake_clean_cache': False, 'cmake_clean_first': False, 'cmake_force_configure': False, 'cmake_target': None, 'cmake_target_skip_unavailable': False, 'install_base': '/home/kirill/folders/park_robot/install/robot_description', 'merge_install': False, 'path': '/home/kirill/folders/park_robot/src/robot_description', 'symlink_install': False, 'test_result_base': None}
[0.358s] Level 5:colcon.colcon_core.verb:set package 'ydlidar_ros2_driver' build argument 'cmake_args' from command line to 'None'
[0.358s] Level 5:colcon.colcon_core.verb:set package 'ydlidar_ros2_driver' build argument 'cmake_target' from command line to 'None'
[0.358s] Level 5:colcon.colcon_core.verb:set package 'ydlidar_ros2_driver' build argument 'cmake_target_skip_unavailable' from command line to 'False'
[0.358s] Level 5:colcon.colcon_core.verb:set package 'ydlidar_ros2_driver' build argument 'cmake_clean_cache' from command line to 'False'
[0.358s] Level 5:colcon.colcon_core.verb:set package 'ydlidar_ros2_driver' build argument 'cmake_clean_first' from command line to 'False'
[0.358s] Level 5:colcon.colcon_core.verb:set package 'ydlidar_ros2_driver' build argument 'cmake_force_configure' from command line to 'False'
[0.358s] Level 5:colcon.colcon_core.verb:set package 'ydlidar_ros2_driver' build argument 'ament_cmake_args' from command line to 'None'
[0.358s] Level 5:colcon.colcon_core.verb:set package 'ydlidar_ros2_driver' build argument 'catkin_cmake_args' from command line to 'None'
[0.358s] Level 5:colcon.colcon_core.verb:set package 'ydlidar_ros2_driver' build argument 'catkin_skip_building_tests' from command line to 'False'
[0.358s] DEBUG:colcon.colcon_core.verb:Building package 'ydlidar_ros2_driver' with the following arguments: {'ament_cmake_args': None, 'build_base': '/home/kirill/folders/park_robot/build/ydlidar_ros2_driver', 'catkin_cmake_args': None, 'catkin_skip_building_tests': False, 'cmake_args': None, 'cmake_clean_cache': False, 'cmake_clean_first': False, 'cmake_force_configure': False, 'cmake_target': None, 'cmake_target_skip_unavailable': False, 'install_base': '/home/kirill/folders/park_robot/install/ydlidar_ros2_driver', 'merge_install': False, 'path': '/home/kirill/folders/park_robot/src/ydlidar_ros2_driver', 'symlink_install': False, 'test_result_base': None}
[0.358s] Level 5:colcon.colcon_core.verb:set package 'robot_bringup' build argument 'cmake_args' from command line to 'None'
[0.358s] Level 5:colcon.colcon_core.verb:set package 'robot_bringup' build argument 'cmake_target' from command line to 'None'
[0.358s] Level 5:colcon.colcon_core.verb:set package 'robot_bringup' build argument 'cmake_target_skip_unavailable' from command line to 'False'
[0.358s] Level 5:colcon.colcon_core.verb:set package 'robot_bringup' build argument 'cmake_clean_cache' from command line to 'False'
[0.358s] Level 5:colcon.colcon_core.verb:set package 'robot_bringup' build argument 'cmake_clean_first' from command line to 'False'
[0.358s] Level 5:colcon.colcon_core.verb:set package 'robot_bringup' build argument 'cmake_force_configure' from command line to 'False'
[0.358s] Level 5:colcon.colcon_core.verb:set package 'robot_bringup' build argument 'ament_cmake_args' from command line to 'None'
[0.358s] Level 5:colcon.colcon_core.verb:set package 'robot_bringup' build argument 'catkin_cmake_args' from command line to 'None'
[0.358s] Level 5:colcon.colcon_core.verb:set package 'robot_bringup' build argument 'catkin_skip_building_tests' from command line to 'False'
[0.358s] DEBUG:colcon.colcon_core.verb:Building package 'robot_bringup' with the following arguments: {'ament_cmake_args': None, 'build_base': '/home/kirill/folders/park_robot/build/robot_bringup', 'catkin_cmake_args': None, 'catkin_skip_building_tests': False, 'cmake_args': None, 'cmake_clean_cache': False, 'cmake_clean_first': False, 'cmake_force_configure': False, 'cmake_target': None, 'cmake_target_skip_unavailable': False, 'install_base': '/home/kirill/folders/park_robot/install/robot_bringup', 'merge_install': False, 'path': '/home/kirill/folders/park_robot/src/robot_bringup', 'symlink_install': False, 'test_result_base': None}
[0.358s] INFO:colcon.colcon_core.executor:Executing jobs using 'parallel' executor
[0.360s] DEBUG:colcon.colcon_parallel_executor.executor.parallel:run_until_complete
[0.360s] INFO:colcon.colcon_ros.task.ament_cmake.build:Building ROS package in '/home/kirill/folders/park_robot/src/robot_description' with build type 'ament_cmake'
[0.361s] INFO:colcon.colcon_cmake.task.cmake.build:Building CMake package in '/home/kirill/folders/park_robot/src/robot_description'
[0.363s] INFO:colcon.colcon_core.plugin_system:Skipping extension 'colcon_core.shell.bat': Not used on non-Windows systems
[0.363s] INFO:colcon.colcon_core.shell:Skip shell extension 'powershell' for command environment: Not usable outside of PowerShell
[0.363s] DEBUG:colcon.colcon_core.shell:Skip shell extension 'dsv' for command environment
[0.368s] INFO:colcon.colcon_ros.task.ament_python.build:Building ROS package in '/home/kirill/folders/park_robot/src/plant_analyzer' with build type 'ament_python'
[0.368s] Level 1:colcon.colcon_core.shell:create_environment_hook('plant_analyzer', 'ament_prefix_path')
[0.369s] INFO:colcon.colcon_core.shell:Creating environment hook '/home/kirill/folders/park_robot/install/plant_analyzer/share/plant_analyzer/hook/ament_prefix_path.ps1'
[0.370s] INFO:colcon.colcon_core.shell:Creating environment descriptor '/home/kirill/folders/park_robot/install/plant_analyzer/share/plant_analyzer/hook/ament_prefix_path.dsv'
[0.371s] INFO:colcon.colcon_core.shell:Creating environment hook '/home/kirill/folders/park_robot/install/plant_analyzer/share/plant_analyzer/hook/ament_prefix_path.sh'
[0.372s] INFO:colcon.colcon_core.shell:Skip shell extension 'powershell' for command environment: Not usable outside of PowerShell
[0.372s] DEBUG:colcon.colcon_core.shell:Skip shell extension 'dsv' for command environment
[0.376s] INFO:colcon.colcon_ros.task.ament_python.build:Building ROS package in '/home/kirill/folders/park_robot/src/robot_control' with build type 'ament_python'
[0.377s] Level 1:colcon.colcon_core.shell:create_environment_hook('robot_control', 'ament_prefix_path')
[0.377s] INFO:colcon.colcon_core.shell:Creating environment hook '/home/kirill/folders/park_robot/install/robot_control/share/robot_control/hook/ament_prefix_path.ps1'
[0.378s] INFO:colcon.colcon_core.shell:Creating environment descriptor '/home/kirill/folders/park_robot/install/robot_control/share/robot_control/hook/ament_prefix_path.dsv'
[0.378s] INFO:colcon.colcon_core.shell:Creating environment hook '/home/kirill/folders/park_robot/install/robot_control/share/robot_control/hook/ament_prefix_path.sh'
[0.379s] INFO:colcon.colcon_core.shell:Skip shell extension 'powershell' for command environment: Not usable outside of PowerShell
[0.379s] DEBUG:colcon.colcon_core.shell:Skip shell extension 'dsv' for command environment
[0.384s] INFO:colcon.colcon_ros.task.ament_cmake.build:Building ROS package in '/home/kirill/folders/park_robot/src/ydlidar_ros2_driver' with build type 'ament_cmake'
[0.384s] INFO:colcon.colcon_cmake.task.cmake.build:Building CMake package in '/home/kirill/folders/park_robot/src/ydlidar_ros2_driver'
[0.384s] INFO:colcon.colcon_core.shell:Skip shell extension 'powershell' for command environment: Not usable outside of PowerShell
[0.384s] DEBUG:colcon.colcon_core.shell:Skip shell extension 'dsv' for command environment
[0.396s] DEBUG:colcon.colcon_core.event_handler.log_command:Invoking command in '/home/kirill/folders/park_robot/build/robot_description': CMAKE_PREFIX_PATH=${CMAKE_PREFIX_PATH}:/home/kirill/folders/park_robot/install/robot_bringup:/home/kirill/folders/park_robot/install/robot_control:/home/kirill/folders/park_robot/install/plant_analyzer:/opt/ros/jazzy DEBUGINFOD_URLS=https://debuginfod.ubuntu.com /usr/bin/cmake --build /home/kirill/folders/park_robot/build/robot_description -- -j4 -l4
[0.744s] INFO:colcon.colcon_core.task.python.build:Building Python package in '/home/kirill/folders/park_robot/src/plant_analyzer'
[0.745s] INFO:colcon.colcon_core.shell:Skip shell extension 'powershell' for command environment: Not usable outside of PowerShell
[0.745s] DEBUG:colcon.colcon_core.shell:Skip shell extension 'dsv' for command environment
[1.081s] INFO:colcon.colcon_core.task.python.build:Building Python package in '/home/kirill/folders/park_robot/src/robot_control'
[1.081s] INFO:colcon.colcon_core.shell:Skip shell extension 'powershell' for command environment: Not usable outside of PowerShell
[1.081s] DEBUG:colcon.colcon_core.shell:Skip shell extension 'dsv' for command environment
[1.089s] DEBUG:colcon.colcon_core.event_handler.log_command:Invoked command in '/home/kirill/folders/park_robot/build/robot_description' returned '0': CMAKE_PREFIX_PATH=${CMAKE_PREFIX_PATH}:/home/kirill/folders/park_robot/install/robot_bringup:/home/kirill/folders/park_robot/install/robot_control:/home/kirill/folders/park_robot/install/plant_analyzer:/opt/ros/jazzy DEBUGINFOD_URLS=https://debuginfod.ubuntu.com /usr/bin/cmake --build /home/kirill/folders/park_robot/build/robot_description -- -j4 -l4
[1.107s] DEBUG:colcon.colcon_core.event_handler.log_command:Invoking command in '/home/kirill/folders/park_robot/build/robot_description': CMAKE_PREFIX_PATH=${CMAKE_PREFIX_PATH}:/home/kirill/folders/park_robot/install/robot_bringup:/home/kirill/folders/park_robot/install/robot_control:/home/kirill/folders/park_robot/install/plant_analyzer:/opt/ros/jazzy DEBUGINFOD_URLS=https://debuginfod.ubuntu.com /usr/bin/cmake --install /home/kirill/folders/park_robot/build/robot_description
[1.112s] DEBUG:colcon.colcon_core.event_handler.log_command:Invoking command in '/home/kirill/folders/park_robot/build/ydlidar_ros2_driver': CMAKE_PREFIX_PATH=${CMAKE_PREFIX_PATH}:/home/kirill/folders/park_robot/install/robot_bringup:/home/kirill/folders/park_robot/install/robot_control:/home/kirill/folders/park_robot/install/plant_analyzer:/opt/ros/jazzy DEBUGINFOD_URLS=https://debuginfod.ubuntu.com /usr/bin/cmake --build /home/kirill/folders/park_robot/build/ydlidar_ros2_driver -- -j4 -l4
[1.147s] Level 1:colcon.colcon_core.environment:create_environment_scripts_only(robot_description)
[1.147s] DEBUG:colcon.colcon_core.event_handler.log_command:Invoked command in '/home/kirill/folders/park_robot/build/robot_description' returned '0': CMAKE_PREFIX_PATH=${CMAKE_PREFIX_PATH}:/home/kirill/folders/park_robot/install/robot_bringup:/home/kirill/folders/park_robot/install/robot_control:/home/kirill/folders/park_robot/install/plant_analyzer:/opt/ros/jazzy DEBUGINFOD_URLS=https://debuginfod.ubuntu.com /usr/bin/cmake --install /home/kirill/folders/park_robot/build/robot_description
[1.154s] Level 1:colcon.colcon_core.environment:checking '/home/kirill/folders/park_robot/install/robot_description' for CMake module files
[1.155s] Level 1:colcon.colcon_core.environment:checking '/home/kirill/folders/park_robot/install/robot_description' for CMake config files
[1.156s] Level 1:colcon.colcon_core.shell:create_environment_hook('robot_description', 'cmake_prefix_path')
[1.157s] INFO:colcon.colcon_core.shell:Creating environment hook '/home/kirill/folders/park_robot/install/robot_description/share/robot_description/hook/cmake_prefix_path.ps1'
[1.158s] INFO:colcon.colcon_core.shell:Creating environment descriptor '/home/kirill/folders/park_robot/install/robot_description/share/robot_description/hook/cmake_prefix_path.dsv'
[1.159s] INFO:colcon.colcon_core.shell:Creating environment hook '/home/kirill/folders/park_robot/install/robot_description/share/robot_description/hook/cmake_prefix_path.sh'
[1.161s] Level 1:colcon.colcon_core.environment:checking '/home/kirill/folders/park_robot/install/robot_description/bin'
[1.161s] Level 1:colcon.colcon_core.environment:checking '/home/kirill/folders/park_robot/install/robot_description/lib/pkgconfig/robot_description.pc'
[1.162s] Level 1:colcon.colcon_core.environment:checking '/home/kirill/folders/park_robot/install/robot_description/lib/python3.12/site-packages'
[1.163s] Level 1:colcon.colcon_core.environment:checking '/home/kirill/folders/park_robot/install/robot_description/bin'
[1.164s] INFO:colcon.colcon_core.shell:Creating package script '/home/kirill/folders/park_robot/install/robot_description/share/robot_description/package.ps1'
[1.166s] INFO:colcon.colcon_core.shell:Creating package descriptor '/home/kirill/folders/park_robot/install/robot_description/share/robot_description/package.dsv'
[1.167s] INFO:colcon.colcon_core.shell:Creating package script '/home/kirill/folders/park_robot/install/robot_description/share/robot_description/package.sh'
[1.169s] INFO:colcon.colcon_core.shell:Creating package script '/home/kirill/folders/park_robot/install/robot_description/share/robot_description/package.bash'
[1.170s] INFO:colcon.colcon_core.shell:Creating package script '/home/kirill/folders/park_robot/install/robot_description/share/robot_description/package.zsh'
[1.172s] Level 1:colcon.colcon_core.environment:create_file_with_runtime_dependencies(/home/kirill/folders/park_robot/install/robot_description/share/colcon-core/packages/robot_description)
[1.174s] Level 1:colcon.colcon_core.environment:create_environment_scripts_only(robot_description)
[1.175s] Level 1:colcon.colcon_core.environment:checking '/home/kirill/folders/park_robot/install/robot_description' for CMake module files
[1.176s] Level 1:colcon.colcon_core.environment:checking '/home/kirill/folders/park_robot/install/robot_description' for CMake config files
[1.176s] Level 1:colcon.colcon_core.shell:create_environment_hook('robot_description', 'cmake_prefix_path')
[1.177s] INFO:colcon.colcon_core.shell:Creating environment hook '/home/kirill/folders/park_robot/install/robot_description/share/robot_description/hook/cmake_prefix_path.ps1'
[1.178s] INFO:colcon.colcon_core.shell:Creating environment descriptor '/home/kirill/folders/park_robot/install/robot_description/share/robot_description/hook/cmake_prefix_path.dsv'
[1.179s] INFO:colcon.colcon_core.shell:Creating environment hook '/home/kirill/folders/park_robot/install/robot_description/share/robot_description/hook/cmake_prefix_path.sh'
[1.180s] Level 1:colcon.colcon_core.environment:checking '/home/kirill/folders/park_robot/install/robot_description/bin'
[1.181s] Level 1:colcon.colcon_core.environment:checking '/home/kirill/folders/park_robot/install/robot_description/lib/pkgconfig/robot_description.pc'
[1.181s] Level 1:colcon.colcon_core.environment:checking '/home/kirill/folders/park_robot/install/robot_description/lib/python3.12/site-packages'
[1.182s] Level 1:colcon.colcon_core.environment:checking '/home/kirill/folders/park_robot/install/robot_description/bin'
[1.182s] INFO:colcon.colcon_core.shell:Creating package script '/home/kirill/folders/park_robot/install/robot_description/share/robot_description/package.ps1'
[1.184s] INFO:colcon.colcon_core.shell:Creating package descriptor '/home/kirill/folders/park_robot/install/robot_description/share/robot_description/package.dsv'
[1.186s] INFO:colcon.colcon_core.shell:Creating package script '/home/kirill/folders/park_robot/install/robot_description/share/robot_description/package.sh'
[1.188s] INFO:colcon.colcon_core.shell:Creating package script '/home/kirill/folders/park_robot/install/robot_description/share/robot_description/package.bash'
[1.192s] INFO:colcon.colcon_core.shell:Creating package script '/home/kirill/folders/park_robot/install/robot_description/share/robot_description/package.zsh'
[1.193s] Level 1:colcon.colcon_core.environment:create_file_with_runtime_dependencies(/home/kirill/folders/park_robot/install/robot_description/share/colcon-core/packages/robot_description)
[1.197s] INFO:colcon.colcon_ros.task.ament_python.build:Building ROS package in '/home/kirill/folders/park_robot/src/robot_bringup' with build type 'ament_python'
[1.197s] Level 1:colcon.colcon_core.shell:create_environment_hook('robot_bringup', 'ament_prefix_path')
[1.198s] INFO:colcon.colcon_core.shell:Creating environment hook '/home/kirill/folders/park_robot/install/robot_bringup/share/robot_bringup/hook/ament_prefix_path.ps1'
[1.201s] INFO:colcon.colcon_core.shell:Creating environment descriptor '/home/kirill/folders/park_robot/install/robot_bringup/share/robot_bringup/hook/ament_prefix_path.dsv'
[1.202s] INFO:colcon.colcon_core.shell:Creating environment hook '/home/kirill/folders/park_robot/install/robot_bringup/share/robot_bringup/hook/ament_prefix_path.sh'
[1.204s] INFO:colcon.colcon_core.shell:Skip shell extension 'powershell' for command environment: Not usable outside of PowerShell
[1.205s] DEBUG:colcon.colcon_core.shell:Skip shell extension 'dsv' for command environment
[1.728s] INFO:colcon.colcon_core.task.python.build:Building Python package in '/home/kirill/folders/park_robot/src/robot_bringup'
[1.728s] INFO:colcon.colcon_core.shell:Skip shell extension 'powershell' for command environment: Not usable outside of PowerShell
[1.728s] DEBUG:colcon.colcon_core.shell:Skip shell extension 'dsv' for command environment
[1.735s] DEBUG:colcon.colcon_core.event_handler.log_command:Invoked command in '/home/kirill/folders/park_robot/build/ydlidar_ros2_driver' returned '0': CMAKE_PREFIX_PATH=${CMAKE_PREFIX_PATH}:/home/kirill/folders/park_robot/install/robot_bringup:/home/kirill/folders/park_robot/install/robot_control:/home/kirill/folders/park_robot/install/plant_analyzer:/opt/ros/jazzy DEBUGINFOD_URLS=https://debuginfod.ubuntu.com /usr/bin/cmake --build /home/kirill/folders/park_robot/build/ydlidar_ros2_driver -- -j4 -l4
[1.738s] DEBUG:colcon.colcon_core.event_handler.log_command:Invoking command in '/home/kirill/folders/park_robot/build/ydlidar_ros2_driver': CMAKE_PREFIX_PATH=${CMAKE_PREFIX_PATH}:/home/kirill/folders/park_robot/install/robot_bringup:/home/kirill/folders/park_robot/install/robot_control:/home/kirill/folders/park_robot/install/plant_analyzer:/opt/ros/jazzy DEBUGINFOD_URLS=https://debuginfod.ubuntu.com /usr/bin/cmake --install /home/kirill/folders/park_robot/build/ydlidar_ros2_driver
[1.768s] Level 1:colcon.colcon_core.environment:create_environment_scripts_only(ydlidar_ros2_driver)
[1.768s] Level 1:colcon.colcon_core.environment:checking '/home/kirill/folders/park_robot/install/ydlidar_ros2_driver' for CMake module files
[1.769s] Level 1:colcon.colcon_core.environment:checking '/home/kirill/folders/park_robot/install/ydlidar_ros2_driver' for CMake config files
[1.769s] Level 1:colcon.colcon_core.shell:create_environment_hook('ydlidar_ros2_driver', 'cmake_prefix_path')
[1.770s] INFO:colcon.colcon_core.shell:Creating environment hook '/home/kirill/folders/park_robot/install/ydlidar_ros2_driver/share/ydlidar_ros2_driver/hook/cmake_prefix_path.ps1'
[1.770s] DEBUG:colcon.colcon_core.event_handler.log_command:Invoked command in '/home/kirill/folders/park_robot/build/ydlidar_ros2_driver' returned '0': CMAKE_PREFIX_PATH=${CMAKE_PREFIX_PATH}:/home/kirill/folders/park_robot/install/robot_bringup:/home/kirill/folders/park_robot/install/robot_control:/home/kirill/folders/park_robot/install/plant_analyzer:/opt/ros/jazzy DEBUGINFOD_URLS=https://debuginfod.ubuntu.com /usr/bin/cmake --install /home/kirill/folders/park_robot/build/ydlidar_ros2_driver
[1.772s] INFO:colcon.colcon_core.shell:Creating environment descriptor '/home/kirill/folders/park_robot/install/ydlidar_ros2_driver/share/ydlidar_ros2_driver/hook/cmake_prefix_path.dsv'
[1.773s] INFO:colcon.colcon_core.shell:Creating environment hook '/home/kirill/folders/park_robot/install/ydlidar_ros2_driver/share/ydlidar_ros2_driver/hook/cmake_prefix_path.sh'
[1.774s] Level 1:colcon.colcon_core.environment:checking '/home/kirill/folders/park_robot/install/ydlidar_ros2_driver/lib'
[1.777s] Level 1:colcon.colcon_core.environment:checking '/home/kirill/folders/park_robot/install/ydlidar_ros2_driver/bin'
[1.777s] Level 1:colcon.colcon_core.environment:checking '/home/kirill/folders/park_robot/install/ydlidar_ros2_driver/lib/pkgconfig/ydlidar_ros2_driver.pc'
[1.778s] Level 1:colcon.colcon_core.environment:checking '/home/kirill/folders/park_robot/install/ydlidar_ros2_driver/lib/python3.12/site-packages'
[1.778s] Level 1:colcon.colcon_core.environment:checking '/home/kirill/folders/park_robot/install/ydlidar_ros2_driver/bin'
[1.779s] INFO:colcon.colcon_core.shell:Creating package script '/home/kirill/folders/park_robot/install/ydlidar_ros2_driver/share/ydlidar_ros2_driver/package.ps1'
[1.780s] INFO:colcon.colcon_core.shell:Creating package descriptor '/home/kirill/folders/park_robot/install/ydlidar_ros2_driver/share/ydlidar_ros2_driver/package.dsv'
[1.781s] INFO:colcon.colcon_core.shell:Creating package script '/home/kirill/folders/park_robot/install/ydlidar_ros2_driver/share/ydlidar_ros2_driver/package.sh'
[1.782s] INFO:colcon.colcon_core.shell:Creating package script '/home/kirill/folders/park_robot/install/ydlidar_ros2_driver/share/ydlidar_ros2_driver/package.bash'
[1.782s] INFO:colcon.colcon_core.shell:Creating package script '/home/kirill/folders/park_robot/install/ydlidar_ros2_driver/share/ydlidar_ros2_driver/package.zsh'
[1.783s] Level 1:colcon.colcon_core.environment:create_file_with_runtime_dependencies(/home/kirill/folders/park_robot/install/ydlidar_ros2_driver/share/colcon-core/packages/ydlidar_ros2_driver)
[1.784s] Level 1:colcon.colcon_core.environment:create_environment_scripts_only(ydlidar_ros2_driver)
[1.784s] Level 1:colcon.colcon_core.environment:checking '/home/kirill/folders/park_robot/install/ydlidar_ros2_driver' for CMake module files
[1.787s] Level 1:colcon.colcon_core.environment:checking '/home/kirill/folders/park_robot/install/ydlidar_ros2_driver' for CMake config files
[1.787s] Level 1:colcon.colcon_core.shell:create_environment_hook('ydlidar_ros2_driver', 'cmake_prefix_path')
[1.788s] INFO:colcon.colcon_core.shell:Creating environment hook '/home/kirill/folders/park_robot/install/ydlidar_ros2_driver/share/ydlidar_ros2_driver/hook/cmake_prefix_path.ps1'
[1.789s] INFO:colcon.colcon_core.shell:Creating environment descriptor '/home/kirill/folders/park_robot/install/ydlidar_ros2_driver/share/ydlidar_ros2_driver/hook/cmake_prefix_path.dsv'
[1.790s] INFO:colcon.colcon_core.shell:Creating environment hook '/home/kirill/folders/park_robot/install/ydlidar_ros2_driver/share/ydlidar_ros2_driver/hook/cmake_prefix_path.sh'
[1.792s] Level 1:colcon.colcon_core.environment:checking '/home/kirill/folders/park_robot/install/ydlidar_ros2_driver/lib'
[1.792s] Level 1:colcon.colcon_core.environment:checking '/home/kirill/folders/park_robot/install/ydlidar_ros2_driver/bin'
[1.792s] Level 1:colcon.colcon_core.environment:checking '/home/kirill/folders/park_robot/install/ydlidar_ros2_driver/lib/pkgconfig/ydlidar_ros2_driver.pc'
[1.793s] Level 1:colcon.colcon_core.environment:checking '/home/kirill/folders/park_robot/install/ydlidar_ros2_driver/lib/python3.12/site-packages'
[1.793s] Level 1:colcon.colcon_core.environment:checking '/home/kirill/folders/park_robot/install/ydlidar_ros2_driver/bin'
[1.794s] INFO:colcon.colcon_core.shell:Creating package script '/home/kirill/folders/park_robot/install/ydlidar_ros2_driver/share/ydlidar_ros2_driver/package.ps1'
[1.795s] INFO:colcon.colcon_core.shell:Creating package descriptor '/home/kirill/folders/park_robot/install/ydlidar_ros2_driver/share/ydlidar_ros2_driver/package.dsv'
[1.796s] INFO:colcon.colcon_core.shell:Creating package script '/home/kirill/folders/park_robot/install/ydlidar_ros2_driver/share/ydlidar_ros2_driver/package.sh'
[1.800s] INFO:colcon.colcon_core.shell:Creating package script '/home/kirill/folders/park_robot/install/ydlidar_ros2_driver/share/ydlidar_ros2_driver/package.bash'
[1.801s] INFO:colcon.colcon_core.shell:Creating package script '/home/kirill/folders/park_robot/install/ydlidar_ros2_driver/share/ydlidar_ros2_driver/package.zsh'
[1.803s] Level 1:colcon.colcon_core.environment:create_file_with_runtime_dependencies(/home/kirill/folders/park_robot/install/ydlidar_ros2_driver/share/colcon-core/packages/ydlidar_ros2_driver)
[2.363s] DEBUG:colcon.colcon_core.event_handler.log_command:Invoking command in '/home/kirill/folders/park_robot/src/robot_control': DEBUGINFOD_URLS=https://debuginfod.ubuntu.com PYTHONPATH=/home/kirill/folders/park_robot/build/robot_control/prefix_override:/usr/lib/python3/dist-packages/colcon_core/task/python/colcon_distutils_commands:/home/kirill/folders/park_robot/install/robot_control/lib/python3.12/site-packages:${PYTHONPATH} /usr/bin/python3 -W ignore:setup.py install is deprecated -W ignore:easy_install command is deprecated setup.py egg_info --egg-base ../../build/robot_control build --build-base /home/kirill/folders/park_robot/build/robot_control/build install --record /home/kirill/folders/park_robot/build/robot_control/install.log --single-version-externally-managed install_data
[2.430s] DEBUG:colcon.colcon_core.event_handler.log_command:Invoking command in '/home/kirill/folders/park_robot/src/plant_analyzer': DEBUGINFOD_URLS=https://debuginfod.ubuntu.com PYTHONPATH=/home/kirill/folders/park_robot/build/plant_analyzer/prefix_override:/usr/lib/python3/dist-packages/colcon_core/task/python/colcon_distutils_commands:/home/kirill/folders/park_robot/install/plant_analyzer/lib/python3.12/site-packages:${PYTHONPATH} /usr/bin/python3 -W ignore:setup.py install is deprecated -W ignore:easy_install command is deprecated setup.py egg_info --egg-base ../../build/plant_analyzer build --build-base /home/kirill/folders/park_robot/build/plant_analyzer/build install --record /home/kirill/folders/park_robot/build/plant_analyzer/install.log --single-version-externally-managed install_data
[2.895s] DEBUG:colcon.colcon_core.event_handler.log_command:Invoking command in '/home/kirill/folders/park_robot/src/robot_bringup': CMAKE_PREFIX_PATH=/home/kirill/folders/park_robot/install/robot_description:/home/kirill/folders/park_robot/install/ydlidar_ros2_driver:/opt/ros/jazzy/opt/gz_math_vendor:/opt/ros/jazzy/opt/gz_utils_vendor:/opt/ros/jazzy/opt/gz_cmake_vendor DEBUGINFOD_URLS=https://debuginfod.ubuntu.com PYTHONPATH=/home/kirill/folders/park_robot/build/robot_bringup/prefix_override:/usr/lib/python3/dist-packages/colcon_core/task/python/colcon_distutils_commands:/home/kirill/folders/park_robot/install/robot_bringup/lib/python3.12/site-packages:${PYTHONPATH} /usr/bin/python3 -W ignore:setup.py install is deprecated -W ignore:easy_install command is deprecated setup.py egg_info --egg-base ../../build/robot_bringup build --build-base /home/kirill/folders/park_robot/build/robot_bringup/build install --record /home/kirill/folders/park_robot/build/robot_bringup/install.log --single-version-externally-managed install_data
[3.434s] Level 1:colcon.colcon_core.environment:checking '/home/kirill/folders/park_robot/install/robot_control' for CMake module files
[3.435s] Level 1:colcon.colcon_core.environment:checking '/home/kirill/folders/park_robot/install/robot_control' for CMake config files
[3.436s] DEBUG:colcon.colcon_core.event_handler.log_command:Invoked command in '/home/kirill/folders/park_robot/src/robot_control' returned '0': DEBUGINFOD_URLS=https://debuginfod.ubuntu.com PYTHONPATH=/home/kirill/folders/park_robot/build/robot_control/prefix_override:/usr/lib/python3/dist-packages/colcon_core/task/python/colcon_distutils_commands:/home/kirill/folders/park_robot/install/robot_control/lib/python3.12/site-packages:${PYTHONPATH} /usr/bin/python3 -W ignore:setup.py install is deprecated -W ignore:easy_install command is deprecated setup.py egg_info --egg-base ../../build/robot_control build --build-base /home/kirill/folders/park_robot/build/robot_control/build install --record /home/kirill/folders/park_robot/build/robot_control/install.log --single-version-externally-managed install_data
[3.437s] Level 1:colcon.colcon_core.environment:checking '/home/kirill/folders/park_robot/install/robot_control/lib'
[3.437s] Level 1:colcon.colcon_core.environment:checking '/home/kirill/folders/park_robot/install/robot_control/bin'
[3.437s] Level 1:colcon.colcon_core.environment:checking '/home/kirill/folders/park_robot/install/robot_control/lib/pkgconfig/robot_control.pc'
[3.437s] Level 1:colcon.colcon_core.environment:checking '/home/kirill/folders/park_robot/install/robot_control/lib/python3.12/site-packages'
[3.438s] Level 1:colcon.colcon_core.shell:create_environment_hook('robot_control', 'pythonpath')
[3.438s] INFO:colcon.colcon_core.shell:Creating environment hook '/home/kirill/folders/park_robot/install/robot_control/share/robot_control/hook/pythonpath.ps1'
[3.439s] INFO:colcon.colcon_core.shell:Creating environment descriptor '/home/kirill/folders/park_robot/install/robot_control/share/robot_control/hook/pythonpath.dsv'
[3.442s] INFO:colcon.colcon_core.shell:Creating environment hook '/home/kirill/folders/park_robot/install/robot_control/share/robot_control/hook/pythonpath.sh'
[3.447s] Level 1:colcon.colcon_core.environment:checking '/home/kirill/folders/park_robot/install/robot_control/bin'
[3.447s] Level 1:colcon.colcon_core.environment:create_environment_scripts_only(robot_control)
[3.448s] INFO:colcon.colcon_core.shell:Creating package script '/home/kirill/folders/park_robot/install/robot_control/share/robot_control/package.ps1'
[3.449s] INFO:colcon.colcon_core.shell:Creating package descriptor '/home/kirill/folders/park_robot/install/robot_control/share/robot_control/package.dsv'
[3.449s] INFO:colcon.colcon_core.shell:Creating package script '/home/kirill/folders/park_robot/install/robot_control/share/robot_control/package.sh'
[3.450s] INFO:colcon.colcon_core.shell:Creating package script '/home/kirill/folders/park_robot/install/robot_control/share/robot_control/package.bash'
[3.450s] INFO:colcon.colcon_core.shell:Creating package script '/home/kirill/folders/park_robot/install/robot_control/share/robot_control/package.zsh'
[3.451s] Level 1:colcon.colcon_core.environment:create_file_with_runtime_dependencies(/home/kirill/folders/park_robot/install/robot_control/share/colcon-core/packages/robot_control)
[3.453s] Level 1:colcon.colcon_core.environment:checking '/home/kirill/folders/park_robot/install/plant_analyzer' for CMake module files
[3.454s] Level 1:colcon.colcon_core.environment:checking '/home/kirill/folders/park_robot/install/plant_analyzer' for CMake config files
[3.454s] DEBUG:colcon.colcon_core.event_handler.log_command:Invoked command in '/home/kirill/folders/park_robot/src/plant_analyzer' returned '0': DEBUGINFOD_URLS=https://debuginfod.ubuntu.com PYTHONPATH=/home/kirill/folders/park_robot/build/plant_analyzer/prefix_override:/usr/lib/python3/dist-packages/colcon_core/task/python/colcon_distutils_commands:/home/kirill/folders/park_robot/install/plant_analyzer/lib/python3.12/site-packages:${PYTHONPATH} /usr/bin/python3 -W ignore:setup.py install is deprecated -W ignore:easy_install command is deprecated setup.py egg_info --egg-base ../../build/plant_analyzer build --build-base /home/kirill/folders/park_robot/build/plant_analyzer/build install --record /home/kirill/folders/park_robot/build/plant_analyzer/install.log --single-version-externally-managed install_data
[3.455s] Level 1:colcon.colcon_core.environment:checking '/home/kirill/folders/park_robot/install/plant_analyzer/lib'
[3.455s] Level 1:colcon.colcon_core.environment:checking '/home/kirill/folders/park_robot/install/plant_analyzer/bin'
[3.455s] Level 1:colcon.colcon_core.environment:checking '/home/kirill/folders/park_robot/install/plant_analyzer/lib/pkgconfig/plant_analyzer.pc'
[3.455s] Level 1:colcon.colcon_core.environment:checking '/home/kirill/folders/park_robot/install/plant_analyzer/lib/python3.12/site-packages'
[3.455s] Level 1:colcon.colcon_core.shell:create_environment_hook('plant_analyzer', 'pythonpath')
[3.456s] INFO:colcon.colcon_core.shell:Creating environment hook '/home/kirill/folders/park_robot/install/plant_analyzer/share/plant_analyzer/hook/pythonpath.ps1'
[3.456s] INFO:colcon.colcon_core.shell:Creating environment descriptor '/home/kirill/folders/park_robot/install/plant_analyzer/share/plant_analyzer/hook/pythonpath.dsv'
[3.457s] INFO:colcon.colcon_core.shell:Creating environment hook '/home/kirill/folders/park_robot/install/plant_analyzer/share/plant_analyzer/hook/pythonpath.sh'
[3.458s] Level 1:colcon.colcon_core.environment:checking '/home/kirill/folders/park_robot/install/plant_analyzer/bin'
[3.458s] Level 1:colcon.colcon_core.environment:create_environment_scripts_only(plant_analyzer)
[3.458s] INFO:colcon.colcon_core.shell:Creating package script '/home/kirill/folders/park_robot/install/plant_analyzer/share/plant_analyzer/package.ps1'
[3.459s] INFO:colcon.colcon_core.shell:Creating package descriptor '/home/kirill/folders/park_robot/install/plant_analyzer/share/plant_analyzer/package.dsv'
[3.459s] INFO:colcon.colcon_core.shell:Creating package script '/home/kirill/folders/park_robot/install/plant_analyzer/share/plant_analyzer/package.sh'
[3.460s] INFO:colcon.colcon_core.shell:Creating package script '/home/kirill/folders/park_robot/install/plant_analyzer/share/plant_analyzer/package.bash'
[3.461s] INFO:colcon.colcon_core.shell:Creating package script '/home/kirill/folders/park_robot/install/plant_analyzer/share/plant_analyzer/package.zsh'
[3.461s] Level 1:colcon.colcon_core.environment:create_file_with_runtime_dependencies(/home/kirill/folders/park_robot/install/plant_analyzer/share/colcon-core/packages/plant_analyzer)
[3.819s] Level 1:colcon.colcon_core.environment:checking '/home/kirill/folders/park_robot/install/robot_bringup' for CMake module files
[3.819s] DEBUG:colcon.colcon_core.event_handler.log_command:Invoked command in '/home/kirill/folders/park_robot/src/robot_bringup' returned '0': CMAKE_PREFIX_PATH=/home/kirill/folders/park_robot/install/robot_description:/home/kirill/folders/park_robot/install/ydlidar_ros2_driver:/opt/ros/jazzy/opt/gz_math_vendor:/opt/ros/jazzy/opt/gz_utils_vendor:/opt/ros/jazzy/opt/gz_cmake_vendor DEBUGINFOD_URLS=https://debuginfod.ubuntu.com PYTHONPATH=/home/kirill/folders/park_robot/build/robot_bringup/prefix_override:/usr/lib/python3/dist-packages/colcon_core/task/python/colcon_distutils_commands:/home/kirill/folders/park_robot/install/robot_bringup/lib/python3.12/site-packages:${PYTHONPATH} /usr/bin/python3 -W ignore:setup.py install is deprecated -W ignore:easy_install command is deprecated setup.py egg_info --egg-base ../../build/robot_bringup build --build-base /home/kirill/folders/park_robot/build/robot_bringup/build install --record /home/kirill/folders/park_robot/build/robot_bringup/install.log --single-version-externally-managed install_data
[3.820s] Level 1:colcon.colcon_core.environment:checking '/home/kirill/folders/park_robot/install/robot_bringup' for CMake config files
[3.820s] Level 1:colcon.colcon_core.environment:checking '/home/kirill/folders/park_robot/install/robot_bringup/lib'
[3.821s] Level 1:colcon.colcon_core.environment:checking '/home/kirill/folders/park_robot/install/robot_bringup/bin'
[3.821s] Level 1:colcon.colcon_core.environment:checking '/home/kirill/folders/park_robot/install/robot_bringup/lib/pkgconfig/robot_bringup.pc'
[3.821s] Level 1:colcon.colcon_core.environment:checking '/home/kirill/folders/park_robot/install/robot_bringup/lib/python3.12/site-packages'
[3.821s] Level 1:colcon.colcon_core.shell:create_environment_hook('robot_bringup', 'pythonpath')
[3.821s] INFO:colcon.colcon_core.shell:Creating environment hook '/home/kirill/folders/park_robot/install/robot_bringup/share/robot_bringup/hook/pythonpath.ps1'
[3.822s] INFO:colcon.colcon_core.shell:Creating environment descriptor '/home/kirill/folders/park_robot/install/robot_bringup/share/robot_bringup/hook/pythonpath.dsv'
[3.822s] INFO:colcon.colcon_core.shell:Creating environment hook '/home/kirill/folders/park_robot/install/robot_bringup/share/robot_bringup/hook/pythonpath.sh'
[3.823s] Level 1:colcon.colcon_core.environment:checking '/home/kirill/folders/park_robot/install/robot_bringup/bin'
[3.823s] Level 1:colcon.colcon_core.environment:create_environment_scripts_only(robot_bringup)
[3.824s] INFO:colcon.colcon_core.shell:Creating package script '/home/kirill/folders/park_robot/install/robot_bringup/share/robot_bringup/package.ps1'
[3.825s] INFO:colcon.colcon_core.shell:Creating package descriptor '/home/kirill/folders/park_robot/install/robot_bringup/share/robot_bringup/package.dsv'
[3.825s] INFO:colcon.colcon_core.shell:Creating package script '/home/kirill/folders/park_robot/install/robot_bringup/share/robot_bringup/package.sh'
[3.826s] INFO:colcon.colcon_core.shell:Creating package script '/home/kirill/folders/park_robot/install/robot_bringup/share/robot_bringup/package.bash'
[3.826s] INFO:colcon.colcon_core.shell:Creating package script '/home/kirill/folders/park_robot/install/robot_bringup/share/robot_bringup/package.zsh'
[3.827s] Level 1:colcon.colcon_core.environment:create_file_with_runtime_dependencies(/home/kirill/folders/park_robot/install/robot_bringup/share/colcon-core/packages/robot_bringup)
[3.827s] DEBUG:colcon.colcon_parallel_executor.executor.parallel:closing loop
[3.828s] DEBUG:colcon.colcon_parallel_executor.executor.parallel:loop closed
[3.828s] DEBUG:colcon.colcon_parallel_executor.executor.parallel:run_until_complete finished with '0'
[3.828s] DEBUG:colcon.colcon_core.event_reactor:joining thread
[3.837s] INFO:colcon.colcon_core.plugin_system:Skipping extension 'colcon_notification.desktop_notification.terminal_notifier': Not used on non-Darwin systems
[3.837s] INFO:colcon.colcon_core.plugin_system:Skipping extension 'colcon_notification.desktop_notification.win32': Not used on non-Windows systems
[3.837s] INFO:colcon.colcon_notification.desktop_notification:Sending desktop notification using 'notify2'
[3.854s] DEBUG:colcon.colcon_core.event_reactor:joined thread
[3.855s] INFO:colcon.colcon_core.shell:Creating prefix script '/home/kirill/folders/park_robot/install/local_setup.ps1'
[3.856s] INFO:colcon.colcon_core.shell:Creating prefix util module '/home/kirill/folders/park_robot/install/_local_setup_util_ps1.py'
[3.857s] INFO:colcon.colcon_core.shell:Creating prefix chain script '/home/kirill/folders/park_robot/install/setup.ps1'
[3.859s] INFO:colcon.colcon_core.shell:Creating prefix script '/home/kirill/folders/park_robot/install/local_setup.sh'
[3.859s] INFO:colcon.colcon_core.shell:Creating prefix util module '/home/kirill/folders/park_robot/install/_local_setup_util_sh.py'
[3.860s] INFO:colcon.colcon_core.shell:Creating prefix chain script '/home/kirill/folders/park_robot/install/setup.sh'
[3.861s] INFO:colcon.colcon_core.shell:Creating prefix script '/home/kirill/folders/park_robot/install/local_setup.bash'
[3.862s] INFO:colcon.colcon_core.shell:Creating prefix chain script '/home/kirill/folders/park_robot/install/setup.bash'
[3.863s] INFO:colcon.colcon_core.shell:Creating prefix script '/home/kirill/folders/park_robot/install/local_setup.zsh'
[3.864s] INFO:colcon.colcon_core.shell:Creating prefix chain script '/home/kirill/folders/park_robot/install/setup.zsh'
