[0.045s] Invoking command in '/home/kirill/folders/park_robot/build/robot_description': CMAKE_PREFIX_PATH=${CMAKE_PREFIX_PATH}:/home/kirill/folders/park_robot/install/robot_bringup:/home/kirill/folders/park_robot/install/robot_control:/home/kirill/folders/park_robot/install/plant_analyzer:/opt/ros/jazzy DEBUGINFOD_URLS=https://debuginfod.ubuntu.com /usr/bin/cmake --build /home/kirill/folders/park_robot/build/robot_description -- -j4 -l4
[0.734s] Invoked command in '/home/kirill/folders/park_robot/build/robot_description' returned '0': CMAKE_PREFIX_PATH=${CMAKE_PREFIX_PATH}:/home/kirill/folders/park_robot/install/robot_bringup:/home/kirill/folders/park_robot/install/robot_control:/home/kirill/folders/park_robot/install/plant_analyzer:/opt/ros/jazzy DEBUGINFOD_URLS=https://debuginfod.ubuntu.com /usr/bin/cmake --build /home/kirill/folders/park_robot/build/robot_description -- -j4 -l4
[0.755s] Invoking command in '/home/kirill/folders/park_robot/build/robot_description': CMAKE_PREFIX_PATH=${CMAKE_PREFIX_PATH}:/home/kirill/folders/park_robot/install/robot_bringup:/home/kirill/folders/park_robot/install/robot_control:/home/kirill/folders/park_robot/install/plant_analyzer:/opt/ros/jazzy DEBUGINFOD_URLS=https://debuginfod.ubuntu.com /usr/bin/cmake --install /home/kirill/folders/park_robot/build/robot_description
[0.776s] -- Install configuration: ""
[0.778s] -- Up-to-date: /home/kirill/folders/park_robot/install/robot_description/share/ament_index/resource_index/package_run_dependencies/robot_description
[0.780s] -- Up-to-date: /home/kirill/folders/park_robot/install/robot_description/share/ament_index/resource_index/parent_prefix_path/robot_description
[0.780s] -- Up-to-date: /home/kirill/folders/park_robot/install/robot_description/share/robot_description/environment/ament_prefix_path.sh
[0.780s] -- Up-to-date: /home/kirill/folders/park_robot/install/robot_description/share/robot_description/environment/ament_prefix_path.dsv
[0.780s] -- Up-to-date: /home/kirill/folders/park_robot/install/robot_description/share/robot_description/environment/path.sh
[0.781s] -- Up-to-date: /home/kirill/folders/park_robot/install/robot_description/share/robot_description/environment/path.dsv
[0.781s] -- Up-to-date: /home/kirill/folders/park_robot/install/robot_description/share/robot_description/local_setup.bash
[0.781s] -- Up-to-date: /home/kirill/folders/park_robot/install/robot_description/share/robot_description/local_setup.sh
[0.781s] -- Up-to-date: /home/kirill/folders/park_robot/install/robot_description/share/robot_description/local_setup.zsh
[0.784s] -- Up-to-date: /home/kirill/folders/park_robot/install/robot_description/share/robot_description/local_setup.dsv
[0.787s] -- Up-to-date: /home/kirill/folders/park_robot/install/robot_description/share/robot_description/package.dsv
[0.787s] -- Up-to-date: /home/kirill/folders/park_robot/install/robot_description/share/ament_index/resource_index/packages/robot_description
[0.788s] -- Up-to-date: /home/kirill/folders/park_robot/install/robot_description/share/robot_description/cmake/robot_descriptionConfig.cmake
[0.788s] -- Up-to-date: /home/kirill/folders/park_robot/install/robot_description/share/robot_description/cmake/robot_descriptionConfig-version.cmake
[0.788s] -- Up-to-date: /home/kirill/folders/park_robot/install/robot_description/share/robot_description/package.xml
[0.788s] -- Up-to-date: /home/kirill/folders/park_robot/install/robot_description/share/robot_description//urdf
[0.788s] -- Up-to-date: /home/kirill/folders/park_robot/install/robot_description/share/robot_description//urdf/park_robot.urdf
[0.791s] Invoked command in '/home/kirill/folders/park_robot/build/robot_description' returned '0': CMAKE_PREFIX_PATH=${CMAKE_PREFIX_PATH}:/home/kirill/folders/park_robot/install/robot_bringup:/home/kirill/folders/park_robot/install/robot_control:/home/kirill/folders/park_robot/install/plant_analyzer:/opt/ros/jazzy DEBUGINFOD_URLS=https://debuginfod.ubuntu.com /usr/bin/cmake --install /home/kirill/folders/park_robot/build/robot_description
